{"/app/cli/commands/create.ts": {"path":"/app/cli/commands/create.ts","statementMap":{"0":{"start":{"line":5,"column":13},"end":{"line":38,"column":2}},"1":{"start":{"line":9,"column":83},"end":{"line":9,"column":87}},"2":{"start":{"line":10,"column":68},"end":{"line":10,"column":75}},"3":{"start":{"line":14,"column":21},"end":{"line":14,"column":null}},"4":{"start":{"line":16,"column":4},"end":{"line":19,"column":null}},"5":{"start":{"line":17,"column":6},"end":{"line":17,"column":null}},"6":{"start":{"line":18,"column":6},"end":{"line":18,"column":null}},"7":{"start":{"line":19,"column":6},"end":{"line":19,"column":null}},"8":{"start":{"line":21,"column":18},"end":{"line":21,"column":38}},"9":{"start":{"line":23,"column":4},"end":{"line":35,"column":null}},"10":{"start":{"line":24,"column":19},"end":{"line":24,"column":54}},"11":{"start":{"line":26,"column":6},"end":{"line":26,"column":null}},"12":{"start":{"line":27,"column":6},"end":{"line":27,"column":null}},"13":{"start":{"line":29,"column":6},"end":{"line":31,"column":null}},"14":{"start":{"line":30,"column":23},"end":{"line":30,"column":null}},"15":{"start":{"line":31,"column":8},"end":{"line":31,"column":null}},"16":{"start":{"line":34,"column":6},"end":{"line":34,"column":null}},"17":{"start":{"line":35,"column":6},"end":{"line":35,"column":null}}},"fnMap":{"0":{"name":"(anonymous_0)","decl":{"start":{"line":9,"column":63},"end":{"line":9,"column":83}},"loc":{"start":{"line":9,"column":83},"end":{"line":9,"column":87}},"line":9},"1":{"name":"(anonymous_1)","decl":{"start":{"line":10,"column":48},"end":{"line":10,"column":68}},"loc":{"start":{"line":10,"column":68},"end":{"line":10,"column":75}},"line":10},"2":{"name":"(anonymous_2)","decl":{"start":{"line":13,"column":11},"end":{"line":13,"column":18}},"loc":{"start":{"line":13,"column":51},"end":{"line":35,"column":null}},"line":13}},"branchMap":{"0":{"loc":{"start":{"line":14,"column":21},"end":{"line":14,"column":null}},"type":"binary-expr","locations":[{"start":{"line":14,"column":21},"end":{"line":14,"column":31}},{"start":{"line":14,"column":31},"end":{"line":14,"column":null}}],"line":14},"1":{"loc":{"start":{"line":16,"column":4},"end":{"line":19,"column":null}},"type":"if","locations":[{"start":{"line":16,"column":4},"end":{"line":19,"column":null}},{"start":{},"end":{}}],"line":16},"2":{"loc":{"start":{"line":29,"column":6},"end":{"line":31,"column":null}},"type":"if","locations":[{"start":{"line":29,"column":6},"end":{"line":31,"column":null}},{"start":{},"end":{}}],"line":29},"3":{"loc":{"start":{"line":30,"column":23},"end":{"line":30,"column":null}},"type":"binary-expr","locations":[{"start":{"line":30,"column":23},"end":{"line":30,"column":45}},{"start":{"line":30,"column":45},"end":{"line":30,"column":null}}],"line":30},"4":{"loc":{"start":{"line":34,"column":30},"end":{"line":34,"column":84}},"type":"cond-expr","locations":[{"start":{"line":34,"column":55},"end":{"line":34,"column":71}},{"start":{"line":34,"column":71},"end":{"line":34,"column":84}}],"line":34}},"s":{"0":1,"1":0,"2":0,"3":1,"4":1,"5":0,"6":0,"7":0,"8":1,"9":1,"10":1,"11":1,"12":1,"13":1,"14":0,"15":0,"16":0,"17":0},"f":{"0":0,"1":0,"2":1},"b":{"0":[1,1],"1":[0,1],"2":[0,1],"3":[0,0],"4":[0,0]},"meta":{"lastBranch":5,"lastFunction":3,"lastStatement":18,"seen":{"s:5:13:38:2":0,"f:9:63:9:83":0,"s:9:83:9:87":1,"f:10:48:10:68":1,"s:10:68:10:75":2,"f:13:11:13:18":2,"s:14:21:14:Infinity":3,"b:14:21:14:31:14:31:14:Infinity":0,"b:16:4:19:Infinity:undefined:undefined:undefined:undefined":1,"s:16:4:19:Infinity":4,"s:17:6:17:Infinity":5,"s:18:6:18:Infinity":6,"s:19:6:19:Infinity":7,"s:21:18:21:38":8,"s:23:4:35:Infinity":9,"s:24:19:24:54":10,"s:26:6:26:Infinity":11,"s:27:6:27:Infinity":12,"b:29:6:31:Infinity:undefined:undefined:undefined:undefined":2,"s:29:6:31:Infinity":13,"s:30:23:30:Infinity":14,"b:30:23:30:45:30:45:30:Infinity":3,"s:31:8:31:Infinity":15,"s:34:6:34:Infinity":16,"b:34:55:34:71:34:71:34:84":4,"s:35:6:35:Infinity":17}}}
,"/app/cli/commands/merge.ts": {"path":"/app/cli/commands/merge.ts","statementMap":{"0":{"start":{"line":5,"column":13},"end":{"line":36,"column":2}},"1":{"start":{"line":9,"column":75},"end":{"line":9,"column":81}},"2":{"start":{"line":10,"column":74},"end":{"line":10,"column":81}},"3":{"start":{"line":14,"column":18},"end":{"line":14,"column":61}},"4":{"start":{"line":16,"column":4},"end":{"line":19,"column":null}},"5":{"start":{"line":17,"column":6},"end":{"line":17,"column":null}},"6":{"start":{"line":18,"column":6},"end":{"line":18,"column":null}},"7":{"start":{"line":19,"column":6},"end":{"line":19,"column":null}},"8":{"start":{"line":22,"column":18},"end":{"line":22,"column":null}},"9":{"start":{"line":24,"column":4},"end":{"line":33,"column":null}},"10":{"start":{"line":25,"column":6},"end":{"line":25,"column":null}},"11":{"start":{"line":26,"column":33},"end":{"line":26,"column":75}},"12":{"start":{"line":27,"column":6},"end":{"line":27,"column":null}},"13":{"start":{"line":28,"column":6},"end":{"line":29,"column":null}},"14":{"start":{"line":29,"column":8},"end":{"line":29,"column":null}},"15":{"start":{"line":32,"column":6},"end":{"line":32,"column":null}},"16":{"start":{"line":33,"column":6},"end":{"line":33,"column":null}}},"fnMap":{"0":{"name":"(anonymous_0)","decl":{"start":{"line":9,"column":55},"end":{"line":9,"column":75}},"loc":{"start":{"line":9,"column":75},"end":{"line":9,"column":81}},"line":9},"1":{"name":"(anonymous_1)","decl":{"start":{"line":10,"column":54},"end":{"line":10,"column":74}},"loc":{"start":{"line":10,"column":74},"end":{"line":10,"column":81}},"line":10},"2":{"name":"(anonymous_2)","decl":{"start":{"line":13,"column":11},"end":{"line":13,"column":18}},"loc":{"start":{"line":13,"column":50},"end":{"line":33,"column":null}},"line":13}},"branchMap":{"0":{"loc":{"start":{"line":16,"column":4},"end":{"line":19,"column":null}},"type":"if","locations":[{"start":{"line":16,"column":4},"end":{"line":19,"column":null}},{"start":{},"end":{}}],"line":16},"1":{"loc":{"start":{"line":28,"column":6},"end":{"line":29,"column":null}},"type":"if","locations":[{"start":{"line":28,"column":6},"end":{"line":29,"column":null}},{"start":{},"end":{}}],"line":28}},"s":{"0":1,"1":0,"2":0,"3":1,"4":1,"5":0,"6":0,"7":0,"8":1,"9":1,"10":1,"11":1,"12":1,"13":1,"14":0,"15":0,"16":0},"f":{"0":0,"1":0,"2":1},"b":{"0":[0,1],"1":[0,1]},"meta":{"lastBranch":2,"lastFunction":3,"lastStatement":17,"seen":{"s:5:13:36:2":0,"f:9:55:9:75":0,"s:9:75:9:81":1,"f:10:54:10:74":1,"s:10:74:10:81":2,"f:13:11:13:18":2,"s:14:18:14:61":3,"b:16:4:19:Infinity:undefined:undefined:undefined:undefined":0,"s:16:4:19:Infinity":4,"s:17:6:17:Infinity":5,"s:18:6:18:Infinity":6,"s:19:6:19:Infinity":7,"s:22:18:22:Infinity":8,"s:24:4:33:Infinity":9,"s:25:6:25:Infinity":10,"s:26:33:26:75":11,"s:27:6:27:Infinity":12,"b:28:6:29:Infinity:undefined:undefined:undefined:undefined":1,"s:28:6:29:Infinity":13,"s:29:8:29:Infinity":14,"s:32:6:32:Infinity":15,"s:33:6:33:Infinity":16}}}
,"/app/cli/commands/rm.ts": {"path":"/app/cli/commands/rm.ts","statementMap":{"0":{"start":{"line":7,"column":13},"end":{"line":63,"column":2}},"1":{"start":{"line":11,"column":70},"end":{"line":11,"column":77}},"2":{"start":{"line":12,"column":82},"end":{"line":12,"column":89}},"3":{"start":{"line":16,"column":20},"end":{"line":16,"column":49}},"4":{"start":{"line":18,"column":4},"end":{"line":23,"column":null}},"5":{"start":{"line":19,"column":6},"end":{"line":20,"column":null}},"6":{"start":{"line":20,"column":8},"end":{"line":20,"column":null}},"7":{"start":{"line":22,"column":6},"end":{"line":22,"column":null}},"8":{"start":{"line":23,"column":6},"end":{"line":23,"column":null}},"9":{"start":{"line":26,"column":4},"end":{"line":28,"column":null}},"10":{"start":{"line":27,"column":6},"end":{"line":27,"column":null}},"11":{"start":{"line":28,"column":6},"end":{"line":28,"column":null}},"12":{"start":{"line":31,"column":19},"end":{"line":31,"column":null}},"13":{"start":{"line":33,"column":4},"end":{"line":55,"column":null}},"14":{"start":{"line":34,"column":6},"end":{"line":55,"column":null}},"15":{"start":{"line":35,"column":14},"end":{"line":35,"column":47}},"16":{"start":{"line":36,"column":8},"end":{"line":47,"column":null}},"17":{"start":{"line":37,"column":10},"end":{"line":41,"column":null}},"18":{"start":{"line":38,"column":26},"end":{"line":38,"column":44}},"19":{"start":{"line":39,"column":12},"end":{"line":41,"column":null}},"20":{"start":{"line":40,"column":14},"end":{"line":40,"column":null}},"21":{"start":{"line":41,"column":14},"end":{"line":41,"column":null}},"22":{"start":{"line":44,"column":25},"end":{"line":44,"column":51}},"23":{"start":{"line":45,"column":10},"end":{"line":47,"column":null}},"24":{"start":{"line":46,"column":12},"end":{"line":46,"column":null}},"25":{"start":{"line":47,"column":12},"end":{"line":47,"column":null}},"26":{"start":{"line":51,"column":8},"end":{"line":51,"column":null}},"27":{"start":{"line":52,"column":8},"end":{"line":52,"column":null}},"28":{"start":{"line":54,"column":8},"end":{"line":54,"column":null}},"29":{"start":{"line":55,"column":8},"end":{"line":55,"column":null}},"30":{"start":{"line":59,"column":4},"end":{"line":60,"column":null}},"31":{"start":{"line":60,"column":6},"end":{"line":60,"column":null}}},"fnMap":{"0":{"name":"(anonymous_0)","decl":{"start":{"line":11,"column":50},"end":{"line":11,"column":70}},"loc":{"start":{"line":11,"column":70},"end":{"line":11,"column":77}},"line":11},"1":{"name":"(anonymous_1)","decl":{"start":{"line":12,"column":62},"end":{"line":12,"column":82}},"loc":{"start":{"line":12,"column":82},"end":{"line":12,"column":89}},"line":12},"2":{"name":"(anonymous_2)","decl":{"start":{"line":15,"column":11},"end":{"line":15,"column":18}},"loc":{"start":{"line":15,"column":60},"end":{"line":60,"column":null}},"line":15}},"branchMap":{"0":{"loc":{"start":{"line":18,"column":4},"end":{"line":23,"column":null}},"type":"if","locations":[{"start":{"line":18,"column":4},"end":{"line":23,"column":null}},{"start":{},"end":{}}],"line":18},"1":{"loc":{"start":{"line":19,"column":6},"end":{"line":20,"column":null}},"type":"if","locations":[{"start":{"line":19,"column":6},"end":{"line":20,"column":null}},{"start":{},"end":{}}],"line":19},"2":{"loc":{"start":{"line":26,"column":4},"end":{"line":28,"column":null}},"type":"if","locations":[{"start":{"line":26,"column":4},"end":{"line":28,"column":null}},{"start":{},"end":{}}],"line":26},"3":{"loc":{"start":{"line":36,"column":8},"end":{"line":47,"column":null}},"type":"if","locations":[{"start":{"line":36,"column":8},"end":{"line":47,"column":null}},{"start":{},"end":{}}],"line":36},"4":{"loc":{"start":{"line":37,"column":10},"end":{"line":41,"column":null}},"type":"if","locations":[{"start":{"line":37,"column":10},"end":{"line":41,"column":null}},{"start":{},"end":{}}],"line":37},"5":{"loc":{"start":{"line":37,"column":14},"end":{"line":37,"column":67}},"type":"binary-expr","locations":[{"start":{"line":37,"column":14},"end":{"line":37,"column":36}},{"start":{"line":37,"column":36},"end":{"line":37,"column":67}}],"line":37},"6":{"loc":{"start":{"line":39,"column":12},"end":{"line":41,"column":null}},"type":"if","locations":[{"start":{"line":39,"column":12},"end":{"line":41,"column":null}},{"start":{},"end":{}}],"line":39},"7":{"loc":{"start":{"line":45,"column":10},"end":{"line":47,"column":null}},"type":"if","locations":[{"start":{"line":45,"column":10},"end":{"line":47,"column":null}},{"start":{},"end":{}}],"line":45},"8":{"loc":{"start":{"line":54,"column":22},"end":{"line":54,"column":64}},"type":"cond-expr","locations":[{"start":{"line":54,"column":43},"end":{"line":54,"column":55}},{"start":{"line":54,"column":55},"end":{"line":54,"column":64}}],"line":54},"9":{"loc":{"start":{"line":59,"column":4},"end":{"line":60,"column":null}},"type":"if","locations":[{"start":{"line":59,"column":4},"end":{"line":60,"column":null}},{"start":{},"end":{}}],"line":59}},"s":{"0":1,"1":0,"2":0,"3":5,"4":5,"5":1,"6":0,"7":1,"8":1,"9":4,"10":0,"11":0,"12":4,"13":4,"14":4,"15":4,"16":4,"17":4,"18":4,"19":4,"20":4,"21":3,"22":0,"23":0,"24":0,"25":0,"26":0,"27":0,"28":1,"29":1,"30":4,"31":1},"f":{"0":0,"1":0,"2":5},"b":{"0":[1,4],"1":[0,1],"2":[0,4],"3":[4,0],"4":[4,0],"5":[4,4],"6":[4,0],"7":[0,0],"8":[1,0],"9":[1,3]},"meta":{"lastBranch":10,"lastFunction":3,"lastStatement":32,"seen":{"s:7:13:63:2":0,"f:11:50:11:70":0,"s:11:70:11:77":1,"f:12:62:12:82":1,"s:12:82:12:89":2,"f:15:11:15:18":2,"s:16:20:16:49":3,"b:18:4:23:Infinity:undefined:undefined:undefined:undefined":0,"s:18:4:23:Infinity":4,"b:19:6:20:Infinity:undefined:undefined:undefined:undefined":1,"s:19:6:20:Infinity":5,"s:20:8:20:Infinity":6,"s:22:6:22:Infinity":7,"s:23:6:23:Infinity":8,"b:26:4:28:Infinity:undefined:undefined:undefined:undefined":2,"s:26:4:28:Infinity":9,"s:27:6:27:Infinity":10,"s:28:6:28:Infinity":11,"s:31:19:31:Infinity":12,"s:33:4:55:Infinity":13,"s:34:6:55:Infinity":14,"s:35:14:35:47":15,"b:36:8:47:Infinity:undefined:undefined:undefined:undefined":3,"s:36:8:47:Infinity":16,"b:37:10:41:Infinity:undefined:undefined:undefined:undefined":4,"s:37:10:41:Infinity":17,"b:37:14:37:36:37:36:37:67":5,"s:38:26:38:44":18,"b:39:12:41:Infinity:undefined:undefined:undefined:undefined":6,"s:39:12:41:Infinity":19,"s:40:14:40:Infinity":20,"s:41:14:41:Infinity":21,"s:44:25:44:51":22,"b:45:10:47:Infinity:undefined:undefined:undefined:undefined":7,"s:45:10:47:Infinity":23,"s:46:12:46:Infinity":24,"s:47:12:47:Infinity":25,"s:51:8:51:Infinity":26,"s:52:8:52:Infinity":27,"s:54:8:54:Infinity":28,"b:54:43:54:55:54:55:54:64":8,"s:55:8:55:Infinity":29,"b:59:4:60:Infinity:undefined:undefined:undefined:undefined":9,"s:59:4:60:Infinity":30,"s:60:6:60:Infinity":31}}}
,"/app/cli/commands/run.ts": {"path":"/app/cli/commands/run.ts","statementMap":{"0":{"start":{"line":6,"column":13},"end":{"line":54,"column":2}},"1":{"start":{"line":10,"column":69},"end":{"line":10,"column":73}},"2":{"start":{"line":11,"column":79},"end":{"line":11,"column":83}},"3":{"start":{"line":12,"column":72},"end":{"line":12,"column":79}},"4":{"start":{"line":13,"column":67},"end":{"line":13,"column":71}},"5":{"start":{"line":14,"column":76},"end":{"line":14,"column":80}},"6":{"start":{"line":18,"column":19},"end":{"line":18,"column":39}},"7":{"start":{"line":20,"column":4},"end":{"line":23,"column":null}},"8":{"start":{"line":21,"column":6},"end":{"line":21,"column":null}},"9":{"start":{"line":22,"column":6},"end":{"line":22,"column":null}},"10":{"start":{"line":23,"column":6},"end":{"line":23,"column":null}},"11":{"start":{"line":26,"column":60},"end":{"line":30,"column":null}},"12":{"start":{"line":32,"column":4},"end":{"line":35,"column":null}},"13":{"start":{"line":33,"column":6},"end":{"line":33,"column":null}},"14":{"start":{"line":34,"column":15},"end":{"line":35,"column":null}},"15":{"start":{"line":35,"column":6},"end":{"line":35,"column":null}},"16":{"start":{"line":38,"column":4},"end":{"line":51,"column":null}},"17":{"start":{"line":39,"column":30},"end":{"line":39,"column":61}},"18":{"start":{"line":41,"column":6},"end":{"line":41,"column":null}},"19":{"start":{"line":42,"column":6},"end":{"line":43,"column":null}},"20":{"start":{"line":43,"column":8},"end":{"line":43,"column":null}},"21":{"start":{"line":46,"column":6},"end":{"line":46,"column":null}},"22":{"start":{"line":49,"column":6},"end":{"line":49,"column":null}},"23":{"start":{"line":50,"column":6},"end":{"line":50,"column":null}},"24":{"start":{"line":51,"column":6},"end":{"line":51,"column":null}}},"fnMap":{"0":{"name":"(anonymous_0)","decl":{"start":{"line":10,"column":49},"end":{"line":10,"column":69}},"loc":{"start":{"line":10,"column":69},"end":{"line":10,"column":73}},"line":10},"1":{"name":"(anonymous_1)","decl":{"start":{"line":11,"column":59},"end":{"line":11,"column":79}},"loc":{"start":{"line":11,"column":79},"end":{"line":11,"column":83}},"line":11},"2":{"name":"(anonymous_2)","decl":{"start":{"line":12,"column":52},"end":{"line":12,"column":72}},"loc":{"start":{"line":12,"column":72},"end":{"line":12,"column":79}},"line":12},"3":{"name":"(anonymous_3)","decl":{"start":{"line":13,"column":47},"end":{"line":13,"column":67}},"loc":{"start":{"line":13,"column":67},"end":{"line":13,"column":71}},"line":13},"4":{"name":"(anonymous_4)","decl":{"start":{"line":14,"column":56},"end":{"line":14,"column":76}},"loc":{"start":{"line":14,"column":76},"end":{"line":14,"column":80}},"line":14},"5":{"name":"(anonymous_5)","decl":{"start":{"line":17,"column":11},"end":{"line":17,"column":18}},"loc":{"start":{"line":17,"column":74},"end":{"line":51,"column":null}},"line":17}},"branchMap":{"0":{"loc":{"start":{"line":20,"column":4},"end":{"line":23,"column":null}},"type":"if","locations":[{"start":{"line":20,"column":4},"end":{"line":23,"column":null}},{"start":{},"end":{}}],"line":20},"1":{"loc":{"start":{"line":27,"column":13},"end":{"line":27,"column":null}},"type":"binary-expr","locations":[{"start":{"line":27,"column":13},"end":{"line":27,"column":22}},{"start":{"line":27,"column":22},"end":{"line":27,"column":null}}],"line":27},"2":{"loc":{"start":{"line":28,"column":18},"end":{"line":28,"column":null}},"type":"binary-expr","locations":[{"start":{"line":28,"column":18},"end":{"line":28,"column":32}},{"start":{"line":28,"column":32},"end":{"line":28,"column":null}}],"line":28},"3":{"loc":{"start":{"line":32,"column":4},"end":{"line":35,"column":null}},"type":"if","locations":[{"start":{"line":32,"column":4},"end":{"line":35,"column":null}},{"start":{"line":34,"column":15},"end":{"line":35,"column":null}}],"line":32},"4":{"loc":{"start":{"line":34,"column":15},"end":{"line":35,"column":null}},"type":"if","locations":[{"start":{"line":34,"column":15},"end":{"line":35,"column":null}},{"start":{},"end":{}}],"line":34},"5":{"loc":{"start":{"line":42,"column":6},"end":{"line":43,"column":null}},"type":"if","locations":[{"start":{"line":42,"column":6},"end":{"line":43,"column":null}},{"start":{},"end":{}}],"line":42},"6":{"loc":{"start":{"line":50,"column":20},"end":{"line":50,"column":62}},"type":"cond-expr","locations":[{"start":{"line":50,"column":41},"end":{"line":50,"column":53}},{"start":{"line":50,"column":53},"end":{"line":50,"column":62}}],"line":50}},"s":{"0":1,"1":0,"2":0,"3":0,"4":0,"5":0,"6":1,"7":1,"8":0,"9":0,"10":0,"11":1,"12":1,"13":0,"14":1,"15":0,"16":1,"17":1,"18":1,"19":1,"20":0,"21":1,"22":0,"23":0,"24":0},"f":{"0":0,"1":0,"2":0,"3":0,"4":0,"5":1},"b":{"0":[0,1],"1":[1,1],"2":[1,1],"3":[0,1],"4":[0,1],"5":[0,1],"6":[0,0]},"meta":{"lastBranch":7,"lastFunction":6,"lastStatement":25,"seen":{"s:6:13:54:2":0,"f:10:49:10:69":0,"s:10:69:10:73":1,"f:11:59:11:79":1,"s:11:79:11:83":2,"f:12:52:12:72":2,"s:12:72:12:79":3,"f:13:47:13:67":3,"s:13:67:13:71":4,"f:14:56:14:76":4,"s:14:76:14:80":5,"f:17:11:17:18":5,"s:18:19:18:39":6,"b:20:4:23:Infinity:undefined:undefined:undefined:undefined":0,"s:20:4:23:Infinity":7,"s:21:6:21:Infinity":8,"s:22:6:22:Infinity":9,"s:23:6:23:Infinity":10,"s:26:60:30:Infinity":11,"b:27:13:27:22:27:22:27:Infinity":1,"b:28:18:28:32:28:32:28:Infinity":2,"b:32:4:35:Infinity:34:15:35:Infinity":3,"s:32:4:35:Infinity":12,"s:33:6:33:Infinity":13,"b:34:15:35:Infinity:undefined:undefined:undefined:undefined":4,"s:34:15:35:Infinity":14,"s:35:6:35:Infinity":15,"s:38:4:51:Infinity":16,"s:39:30:39:61":17,"s:41:6:41:Infinity":18,"b:42:6:43:Infinity:undefined:undefined:undefined:undefined":5,"s:42:6:43:Infinity":19,"s:43:8:43:Infinity":20,"s:46:6:46:Infinity":21,"s:49:6:49:Infinity":22,"s:50:6:50:Infinity":23,"b:50:41:50:53:50:53:50:62":6,"s:51:6:51:Infinity":24}}}
,"/app/cli/runtime/context.ts": {"path":"/app/cli/runtime/context.ts","statementMap":{"0":{"start":{"line":8,"column":20},"end":{"line":8,"column":38}},"1":{"start":{"line":10,"column":22},"end":{"line":10,"column":52}},"2":{"start":{"line":11,"column":7},"end":{"line":11,"column":52}},"3":{"start":{"line":12,"column":7},"end":{"line":12,"column":45}},"4":{"start":{"line":13,"column":27},"end":{"line":13,"column":48}},"5":{"start":{"line":15,"column":7},"end":{"line":15,"column":79}},"6":{"start":{"line":17,"column":1},"end":{"line":30,"column":null}}},"fnMap":{"0":{"name":"getRunContext","decl":{"start":{"line":6,"column":16},"end":{"line":6,"column":30}},"loc":{"start":{"line":7,"column":0},"end":{"line":30,"column":null}},"line":7}},"branchMap":{},"s":{"0":12,"1":12,"2":12,"3":12,"4":12,"5":12,"6":12},"f":{"0":12},"b":{},"meta":{"lastBranch":0,"lastFunction":1,"lastStatement":7,"seen":{"f:6:16:6:30":0,"s:8:20:8:38":0,"s:10:22:10:52":1,"s:11:7:11:52":2,"s:12:7:12:45":3,"s:13:27:13:48":4,"s:15:7:15:79":5,"s:17:1:30:Infinity":6}}}
,"/app/cli/runtime/lifecycle.ts": {"path":"/app/cli/runtime/lifecycle.ts","statementMap":{"0":{"start":{"line":2,"column":15},"end":{"line":2,"column":89}},"1":{"start":{"line":2,"column":36},"end":{"line":2,"column":89}},"2":{"start":{"line":2,"column":67},"end":{"line":2,"column":72}},"3":{"start":{"line":2,"column":83},"end":{"line":2,"column":89}},"4":{"start":{"line":3,"column":16},"end":{"line":3,"column":139}},"5":{"start":{"line":3,"column":64},"end":{"line":3,"column":139}},"6":{"start":{"line":26,"column":21},"end":{"line":26,"column":64}},"7":{"start":{"line":29,"column":8},"end":{"line":32,"column":null}},"8":{"start":{"line":35,"column":2},"end":{"line":38,"column":null}},"9":{"start":{"line":36,"column":4},"end":{"line":38,"column":null}},"10":{"start":{"line":42,"column":2},"end":{"line":43,"column":null}},"11":{"start":{"line":43,"column":4},"end":{"line":43,"column":null}},"12":{"start":{"line":46,"column":2},"end":{"line":46,"column":null}},"13":{"start":{"line":50,"column":18},"end":{"line":50,"column":null}},"14":{"start":{"line":51,"column":19},"end":{"line":51,"column":null}},"15":{"start":{"line":53,"column":42},"end":{"line":65,"column":null}},"16":{"start":{"line":67,"column":2},"end":{"line":69,"column":null}},"17":{"start":{"line":72,"column":8},"end":{"line":72,"column":49}},"18":{"start":{"line":73,"column":2},"end":{"line":74,"column":null}},"19":{"start":{"line":74,"column":4},"end":{"line":74,"column":null}},"20":{"start":{"line":76,"column":2},"end":{"line":76,"column":null}},"21":{"start":{"line":84,"column":2},"end":{"line":85,"column":null}},"22":{"start":{"line":85,"column":4},"end":{"line":85,"column":null}},"23":{"start":{"line":89,"column":2},"end":{"line":89,"column":null}},"24":{"start":{"line":98,"column":20},"end":{"line":98,"column":110}},"25":{"start":{"line":99,"column":17},"end":{"line":99,"column":null}},"26":{"start":{"line":102,"column":13},"end":{"line":102,"column":null}},"27":{"start":{"line":103,"column":2},"end":{"line":112,"column":null}},"28":{"start":{"line":104,"column":4},"end":{"line":112,"column":null}},"29":{"start":{"line":105,"column":6},"end":{"line":111,"column":null}},"30":{"start":{"line":117,"column":2},"end":{"line":117,"column":null}},"31":{"start":{"line":125,"column":2},"end":{"line":126,"column":null}},"32":{"start":{"line":126,"column":4},"end":{"line":126,"column":null}},"33":{"start":{"line":136,"column":2},"end":{"line":142,"column":null}},"34":{"start":{"line":137,"column":4},"end":{"line":140,"column":null}},"35":{"start":{"line":138,"column":6},"end":{"line":138,"column":null}},"36":{"start":{"line":140,"column":6},"end":{"line":140,"column":null}},"37":{"start":{"line":152,"column":2},"end":{"line":152,"column":null}},"38":{"start":{"line":155,"column":2},"end":{"line":156,"column":null}},"39":{"start":{"line":156,"column":4},"end":{"line":156,"column":null}},"40":{"start":{"line":167,"column":3},"end":{"line":167,"column":null}},"41":{"start":{"line":172,"column":20},"end":{"line":172,"column":110}},"42":{"start":{"line":173,"column":2},"end":{"line":174,"column":null}},"43":{"start":{"line":174,"column":4},"end":{"line":174,"column":null}},"44":{"start":{"line":177,"column":2},"end":{"line":186,"column":null}},"45":{"start":{"line":178,"column":4},"end":{"line":184,"column":null}},"46":{"start":{"line":186,"column":4},"end":{"line":186,"column":null}},"47":{"start":{"line":192,"column":23},"end":{"line":192,"column":61}},"48":{"start":{"line":193,"column":22},"end":{"line":193,"column":49}},"49":{"start":{"line":194,"column":28},"end":{"line":194,"column":63}},"50":{"start":{"line":197,"column":35},"end":{"line":197,"column":null}},"51":{"start":{"line":198,"column":2},"end":{"line":204,"column":null}},"52":{"start":{"line":199,"column":4},"end":{"line":204,"column":null}},"53":{"start":{"line":208,"column":2},"end":{"line":211,"column":null}},"54":{"start":{"line":210,"column":17},"end":{"line":210,"column":null}},"55":{"start":{"line":211,"column":4},"end":{"line":211,"column":null}},"56":{"start":{"line":215,"column":2},"end":{"line":216,"column":null}},"57":{"start":{"line":216,"column":4},"end":{"line":216,"column":null}},"58":{"start":{"line":220,"column":2},"end":{"line":221,"column":null}},"59":{"start":{"line":221,"column":4},"end":{"line":221,"column":null}},"60":{"start":{"line":225,"column":2},"end":{"line":248,"column":null}},"61":{"start":{"line":226,"column":33},"end":{"line":226,"column":77}},"62":{"start":{"line":228,"column":4},"end":{"line":229,"column":null}},"63":{"start":{"line":229,"column":8},"end":{"line":229,"column":null}},"64":{"start":{"line":232,"column":4},"end":{"line":233,"column":null}},"65":{"start":{"line":233,"column":8},"end":{"line":233,"column":null}},"66":{"start":{"line":236,"column":4},"end":{"line":240,"column":null}},"67":{"start":{"line":237,"column":8},"end":{"line":238,"column":null}},"68":{"start":{"line":238,"column":12},"end":{"line":238,"column":null}},"69":{"start":{"line":240,"column":8},"end":{"line":240,"column":null}},"70":{"start":{"line":243,"column":4},"end":{"line":244,"column":null}},"71":{"start":{"line":244,"column":8},"end":{"line":244,"column":null}},"72":{"start":{"line":248,"column":4},"end":{"line":248,"column":null}},"73":{"start":{"line":252,"column":2},"end":{"line":253,"column":null}},"74":{"start":{"line":253,"column":6},"end":{"line":253,"column":null}},"75":{"start":{"line":255,"column":2},"end":{"line":255,"column":null}}},"fnMap":{"0":{"name":"(anonymous_0)","decl":{"start":{"line":2,"column":15},"end":{"line":2,"column":22}},"loc":{"start":{"line":2,"column":36},"end":{"line":2,"column":89}},"line":2},"1":{"name":"(anonymous_1)","decl":{"start":{"line":2,"column":58},"end":{"line":2,"column":67}},"loc":{"start":{"line":2,"column":67},"end":{"line":2,"column":72}},"line":2},"2":{"name":"(anonymous_2)","decl":{"start":{"line":2,"column":73},"end":{"line":2,"column":83}},"loc":{"start":{"line":2,"column":83},"end":{"line":2,"column":89}},"line":2},"3":{"name":"(anonymous_3)","decl":{"start":{"line":3,"column":16},"end":{"line":3,"column":23}},"loc":{"start":{"line":3,"column":64},"end":{"line":3,"column":139}},"line":3},"4":{"name":"prepare","decl":{"start":{"line":24,"column":22},"end":{"line":24,"column":30}},"loc":{"start":{"line":24,"column":92},"end":{"line":76,"column":null}},"line":24},"5":{"name":"start","decl":{"start":{"line":83,"column":22},"end":{"line":83,"column":28}},"loc":{"start":{"line":83,"column":60},"end":{"line":89,"column":null}},"line":83},"6":{"name":"inspect","decl":{"start":{"line":96,"column":22},"end":{"line":96,"column":30}},"loc":{"start":{"line":96,"column":90},"end":{"line":117,"column":null}},"line":96},"7":{"name":"stop","decl":{"start":{"line":124,"column":22},"end":{"line":124,"column":27}},"loc":{"start":{"line":124,"column":59},"end":{"line":126,"column":null}},"line":124},"8":{"name":"destroy","decl":{"start":{"line":134,"column":22},"end":{"line":134,"column":30}},"loc":{"start":{"line":134,"column":62},"end":{"line":156,"column":null}},"line":134},"9":{"name":"logs","decl":{"start":{"line":164,"column":22},"end":{"line":164,"column":27}},"loc":{"start":{"line":164,"column":83},"end":{"line":167,"column":null}},"line":164},"10":{"name":"getHostPort","decl":{"start":{"line":171,"column":22},"end":{"line":171,"column":34}},"loc":{"start":{"line":171,"column":91},"end":{"line":186,"column":null}},"line":171},"11":{"name":"getRunState","decl":{"start":{"line":191,"column":22},"end":{"line":191,"column":34}},"loc":{"start":{"line":191,"column":70},"end":{"line":255,"column":null}},"line":191}},"branchMap":{"0":{"loc":{"start":{"line":24,"column":47},"end":{"line":24,"column":75}},"type":"default-arg","locations":[{"start":{"line":24,"column":73},"end":{"line":24,"column":75}}],"line":24},"1":{"loc":{"start":{"line":35,"column":2},"end":{"line":38,"column":null}},"type":"if","locations":[{"start":{"line":35,"column":2},"end":{"line":38,"column":null}},{"start":{},"end":{}}],"line":35},"2":{"loc":{"start":{"line":42,"column":2},"end":{"line":43,"column":null}},"type":"if","locations":[{"start":{"line":42,"column":2},"end":{"line":43,"column":null}},{"start":{},"end":{}}],"line":42},"3":{"loc":{"start":{"line":50,"column":18},"end":{"line":50,"column":null}},"type":"binary-expr","locations":[{"start":{"line":50,"column":18},"end":{"line":50,"column":50}},{"start":{"line":50,"column":54},"end":{"line":50,"column":null}}],"line":50},"4":{"loc":{"start":{"line":51,"column":19},"end":{"line":51,"column":null}},"type":"binary-expr","locations":[{"start":{"line":51,"column":19},"end":{"line":51,"column":52}},{"start":{"line":51,"column":56},"end":{"line":51,"column":null}}],"line":51},"5":{"loc":{"start":{"line":57,"column":24},"end":{"line":57,"column":null}},"type":"binary-expr","locations":[{"start":{"line":57,"column":24},"end":{"line":57,"column":42}},{"start":{"line":57,"column":42},"end":{"line":57,"column":null}}],"line":57},"6":{"loc":{"start":{"line":73,"column":2},"end":{"line":74,"column":null}},"type":"if","locations":[{"start":{"line":73,"column":2},"end":{"line":74,"column":null}},{"start":{},"end":{}}],"line":73},"7":{"loc":{"start":{"line":84,"column":2},"end":{"line":85,"column":null}},"type":"if","locations":[{"start":{"line":84,"column":2},"end":{"line":85,"column":null}},{"start":{},"end":{}}],"line":84},"8":{"loc":{"start":{"line":99,"column":17},"end":{"line":99,"column":null}},"type":"cond-expr","locations":[{"start":{"line":99,"column":29},"end":{"line":99,"column":41}},{"start":{"line":99,"column":41},"end":{"line":99,"column":null}}],"line":99},"9":{"loc":{"start":{"line":103,"column":2},"end":{"line":112,"column":null}},"type":"if","locations":[{"start":{"line":103,"column":2},"end":{"line":112,"column":null}},{"start":{},"end":{}}],"line":103},"10":{"loc":{"start":{"line":125,"column":2},"end":{"line":126,"column":null}},"type":"if","locations":[{"start":{"line":125,"column":2},"end":{"line":126,"column":null}},{"start":{},"end":{}}],"line":125},"11":{"loc":{"start":{"line":136,"column":2},"end":{"line":142,"column":null}},"type":"if","locations":[{"start":{"line":136,"column":2},"end":{"line":142,"column":null}},{"start":{"line":142,"column":9},"end":{"line":142,"column":null}}],"line":136},"12":{"loc":{"start":{"line":155,"column":2},"end":{"line":156,"column":null}},"type":"if","locations":[{"start":{"line":155,"column":2},"end":{"line":156,"column":null}},{"start":{},"end":{}}],"line":155},"13":{"loc":{"start":{"line":164,"column":44},"end":{"line":164,"column":83}},"type":"default-arg","locations":[{"start":{"line":164,"column":62},"end":{"line":164,"column":83}}],"line":164},"14":{"loc":{"start":{"line":173,"column":2},"end":{"line":174,"column":null}},"type":"if","locations":[{"start":{"line":173,"column":2},"end":{"line":174,"column":null}},{"start":{},"end":{}}],"line":173},"15":{"loc":{"start":{"line":198,"column":2},"end":{"line":204,"column":null}},"type":"if","locations":[{"start":{"line":198,"column":2},"end":{"line":204,"column":null}},{"start":{},"end":{}}],"line":198},"16":{"loc":{"start":{"line":208,"column":2},"end":{"line":211,"column":null}},"type":"if","locations":[{"start":{"line":208,"column":2},"end":{"line":211,"column":null}},{"start":{},"end":{}}],"line":208},"17":{"loc":{"start":{"line":215,"column":2},"end":{"line":216,"column":null}},"type":"if","locations":[{"start":{"line":215,"column":2},"end":{"line":216,"column":null}},{"start":{},"end":{}}],"line":215},"18":{"loc":{"start":{"line":215,"column":6},"end":{"line":215,"column":53}},"type":"binary-expr","locations":[{"start":{"line":215,"column":6},"end":{"line":215,"column":23}},{"start":{"line":215,"column":23},"end":{"line":215,"column":39}},{"start":{"line":215,"column":39},"end":{"line":215,"column":53}}],"line":215},"19":{"loc":{"start":{"line":220,"column":2},"end":{"line":221,"column":null}},"type":"if","locations":[{"start":{"line":220,"column":2},"end":{"line":221,"column":null}},{"start":{},"end":{}}],"line":220},"20":{"loc":{"start":{"line":220,"column":6},"end":{"line":220,"column":53}},"type":"binary-expr","locations":[{"start":{"line":220,"column":6},"end":{"line":220,"column":24}},{"start":{"line":220,"column":24},"end":{"line":220,"column":39}},{"start":{"line":220,"column":39},"end":{"line":220,"column":53}}],"line":220},"21":{"loc":{"start":{"line":225,"column":2},"end":{"line":248,"column":null}},"type":"if","locations":[{"start":{"line":225,"column":2},"end":{"line":248,"column":null}},{"start":{},"end":{}}],"line":225},"22":{"loc":{"start":{"line":228,"column":4},"end":{"line":229,"column":null}},"type":"if","locations":[{"start":{"line":228,"column":4},"end":{"line":229,"column":null}},{"start":{},"end":{}}],"line":228},"23":{"loc":{"start":{"line":228,"column":8},"end":{"line":228,"column":57}},"type":"binary-expr","locations":[{"start":{"line":228,"column":8},"end":{"line":228,"column":32}},{"start":{"line":228,"column":32},"end":{"line":228,"column":57}}],"line":228},"24":{"loc":{"start":{"line":232,"column":4},"end":{"line":233,"column":null}},"type":"if","locations":[{"start":{"line":232,"column":4},"end":{"line":233,"column":null}},{"start":{},"end":{}}],"line":232},"25":{"loc":{"start":{"line":236,"column":4},"end":{"line":240,"column":null}},"type":"if","locations":[{"start":{"line":236,"column":4},"end":{"line":240,"column":null}},{"start":{},"end":{}}],"line":236},"26":{"loc":{"start":{"line":237,"column":8},"end":{"line":238,"column":null}},"type":"if","locations":[{"start":{"line":237,"column":8},"end":{"line":238,"column":null}},{"start":{},"end":{}}],"line":237},"27":{"loc":{"start":{"line":243,"column":4},"end":{"line":244,"column":null}},"type":"if","locations":[{"start":{"line":243,"column":4},"end":{"line":244,"column":null}},{"start":{},"end":{}}],"line":243},"28":{"loc":{"start":{"line":252,"column":2},"end":{"line":253,"column":null}},"type":"if","locations":[{"start":{"line":252,"column":2},"end":{"line":253,"column":null}},{"start":{},"end":{}}],"line":252}},"s":{"0":3,"1":19,"2":10,"3":9,"4":3,"5":0,"6":1,"7":1,"8":1,"9":0,"10":1,"11":0,"12":1,"13":1,"14":1,"15":1,"16":1,"17":1,"18":1,"19":0,"20":1,"21":1,"22":0,"23":1,"24":5,"25":5,"26":5,"27":5,"28":0,"29":0,"30":5,"31":0,"32":0,"33":4,"34":3,"35":3,"36":0,"37":4,"38":4,"39":3,"40":0,"41":0,"42":0,"43":0,"44":0,"45":0,"46":0,"47":6,"48":6,"49":6,"50":6,"51":6,"52":3,"53":6,"54":5,"55":5,"56":6,"57":1,"58":5,"59":0,"60":5,"61":1,"62":1,"63":0,"64":1,"65":1,"66":0,"67":0,"68":0,"69":0,"70":0,"71":0,"72":0,"73":4,"74":2,"75":2},"f":{"0":19,"1":10,"2":9,"3":0,"4":1,"5":1,"6":5,"7":0,"8":4,"9":0,"10":0,"11":6},"b":{"0":[1],"1":[0,1],"2":[0,1],"3":[1,0],"4":[1,0],"5":[1,1],"6":[0,1],"7":[0,1],"8":[0,5],"9":[0,5],"10":[0,0],"11":[3,1],"12":[3,1],"13":[0],"14":[0,0],"15":[3,3],"16":[5,1],"17":[1,5],"18":[6,1,1],"19":[0,5],"20":[5,0,0],"21":[1,4],"22":[0,1],"23":[1,1],"24":[1,0],"25":[0,0],"26":[0,0],"27":[0,0],"28":[2,2]},"meta":{"lastBranch":29,"lastFunction":12,"lastStatement":76,"seen":{"s:2:15:2:89":0,"f:2:15:2:22":0,"s:2:36:2:89":1,"f:2:58:2:67":1,"s:2:67:2:72":2,"f:2:73:2:83":2,"s:2:83:2:89":3,"s:3:16:3:139":4,"f:3:16:3:23":3,"s:3:64:3:139":5,"f:24:22:24:30":4,"b:24:73:24:75":0,"s:26:21:26:64":6,"s:29:8:32:Infinity":7,"b:35:2:38:Infinity:undefined:undefined:undefined:undefined":1,"s:35:2:38:Infinity":8,"s:36:4:38:Infinity":9,"b:42:2:43:Infinity:undefined:undefined:undefined:undefined":2,"s:42:2:43:Infinity":10,"s:43:4:43:Infinity":11,"s:46:2:46:Infinity":12,"s:50:18:50:Infinity":13,"b:50:18:50:50:50:54:50:Infinity":3,"s:51:19:51:Infinity":14,"b:51:19:51:52:51:56:51:Infinity":4,"s:53:42:65:Infinity":15,"b:57:24:57:42:57:42:57:Infinity":5,"s:67:2:69:Infinity":16,"s:72:8:72:49":17,"b:73:2:74:Infinity:undefined:undefined:undefined:undefined":6,"s:73:2:74:Infinity":18,"s:74:4:74:Infinity":19,"s:76:2:76:Infinity":20,"f:83:22:83:28":5,"b:84:2:85:Infinity:undefined:undefined:undefined:undefined":7,"s:84:2:85:Infinity":21,"s:85:4:85:Infinity":22,"s:89:2:89:Infinity":23,"f:96:22:96:30":6,"s:98:20:98:110":24,"s:99:17:99:Infinity":25,"b:99:29:99:41:99:41:99:Infinity":8,"s:102:13:102:Infinity":26,"b:103:2:112:Infinity:undefined:undefined:undefined:undefined":9,"s:103:2:112:Infinity":27,"s:104:4:112:Infinity":28,"s:105:6:111:Infinity":29,"s:117:2:117:Infinity":30,"f:124:22:124:27":7,"b:125:2:126:Infinity:undefined:undefined:undefined:undefined":10,"s:125:2:126:Infinity":31,"s:126:4:126:Infinity":32,"f:134:22:134:30":8,"b:136:2:142:Infinity:142:9:142:Infinity":11,"s:136:2:142:Infinity":33,"s:137:4:140:Infinity":34,"s:138:6:138:Infinity":35,"s:140:6:140:Infinity":36,"s:152:2:152:Infinity":37,"b:155:2:156:Infinity:undefined:undefined:undefined:undefined":12,"s:155:2:156:Infinity":38,"s:156:4:156:Infinity":39,"f:164:22:164:27":9,"b:164:62:164:83":13,"s:167:3:167:Infinity":40,"f:171:22:171:34":10,"s:172:20:172:110":41,"b:173:2:174:Infinity:undefined:undefined:undefined:undefined":14,"s:173:2:174:Infinity":42,"s:174:4:174:Infinity":43,"s:177:2:186:Infinity":44,"s:178:4:184:Infinity":45,"s:186:4:186:Infinity":46,"f:191:22:191:34":11,"s:192:23:192:61":47,"s:193:22:193:49":48,"s:194:28:194:63":49,"s:197:35:197:Infinity":50,"b:198:2:204:Infinity:undefined:undefined:undefined:undefined":15,"s:198:2:204:Infinity":51,"s:199:4:204:Infinity":52,"b:208:2:211:Infinity:undefined:undefined:undefined:undefined":16,"s:208:2:211:Infinity":53,"s:210:17:210:Infinity":54,"s:211:4:211:Infinity":55,"b:215:2:216:Infinity:undefined:undefined:undefined:undefined":17,"s:215:2:216:Infinity":56,"b:215:6:215:23:215:23:215:39:215:39:215:53":18,"s:216:4:216:Infinity":57,"b:220:2:221:Infinity:undefined:undefined:undefined:undefined":19,"s:220:2:221:Infinity":58,"b:220:6:220:24:220:24:220:39:220:39:220:53":20,"s:221:4:221:Infinity":59,"b:225:2:248:Infinity:undefined:undefined:undefined:undefined":21,"s:225:2:248:Infinity":60,"s:226:33:226:77":61,"b:228:4:229:Infinity:undefined:undefined:undefined:undefined":22,"s:228:4:229:Infinity":62,"b:228:8:228:32:228:32:228:57":23,"s:229:8:229:Infinity":63,"b:232:4:233:Infinity:undefined:undefined:undefined:undefined":24,"s:232:4:233:Infinity":64,"s:233:8:233:Infinity":65,"b:236:4:240:Infinity:undefined:undefined:undefined:undefined":25,"s:236:4:240:Infinity":66,"b:237:8:238:Infinity:undefined:undefined:undefined:undefined":26,"s:237:8:238:Infinity":67,"s:238:12:238:Infinity":68,"s:240:8:240:Infinity":69,"b:243:4:244:Infinity:undefined:undefined:undefined:undefined":27,"s:243:4:244:Infinity":70,"s:244:8:244:Infinity":71,"s:248:4:248:Infinity":72,"b:252:2:253:Infinity:undefined:undefined:undefined:undefined":28,"s:252:2:253:Infinity":73,"s:253:6:253:Infinity":74,"s:255:2:255:Infinity":75}}}
,"/app/cli/server/main.ts": {"path":"/app/cli/server/main.ts","statementMap":{"0":{"start":{"line":13,"column":2},"end":{"line":19,"column":null}},"1":{"start":{"line":14,"column":16},"end":{"line":14,"column":35}},"2":{"start":{"line":15,"column":4},"end":{"line":15,"column":null}},"3":{"start":{"line":16,"column":4},"end":{"line":16,"column":null}},"4":{"start":{"line":17,"column":4},"end":{"line":17,"column":null}},"5":{"start":{"line":19,"column":4},"end":{"line":19,"column":null}},"6":{"start":{"line":23,"column":12},"end":{"line":23,"column":22}},"7":{"start":{"line":26,"column":0},"end":{"line":26,"column":null}},"8":{"start":{"line":30,"column":20},"end":{"line":38,"column":2}},"9":{"start":{"line":33,"column":4},"end":{"line":36,"column":null}},"10":{"start":{"line":41,"column":0},"end":{"line":49,"column":null}},"11":{"start":{"line":42,"column":2},"end":{"line":46,"column":null}},"12":{"start":{"line":43,"column":4},"end":{"line":46,"column":null}},"13":{"start":{"line":48,"column":2},"end":{"line":48,"column":null}},"14":{"start":{"line":51,"column":0},"end":{"line":53,"column":null}},"15":{"start":{"line":52,"column":2},"end":{"line":52,"column":null}},"16":{"start":{"line":56,"column":0},"end":{"line":62,"column":null}},"17":{"start":{"line":57,"column":32},"end":{"line":59,"column":4}},"18":{"start":{"line":60,"column":2},"end":{"line":60,"column":null}},"19":{"start":{"line":60,"column":15},"end":{"line":60,"column":null}},"20":{"start":{"line":61,"column":2},"end":{"line":61,"column":null}},"21":{"start":{"line":64,"column":0},"end":{"line":70,"column":null}},"22":{"start":{"line":65,"column":32},"end":{"line":67,"column":4}},"23":{"start":{"line":68,"column":2},"end":{"line":68,"column":null}},"24":{"start":{"line":68,"column":15},"end":{"line":68,"column":null}},"25":{"start":{"line":69,"column":2},"end":{"line":69,"column":null}},"26":{"start":{"line":73,"column":13},"end":{"line":73,"column":49}},"27":{"start":{"line":76,"column":0},"end":{"line":79,"column":null}},"28":{"start":{"line":77,"column":2},"end":{"line":77,"column":null}},"29":{"start":{"line":78,"column":2},"end":{"line":78,"column":null}},"30":{"start":{"line":79,"column":2},"end":{"line":79,"column":null}}},"fnMap":{"0":{"name":"ensureApiKey","decl":{"start":{"line":12,"column":16},"end":{"line":12,"column":31}},"loc":{"start":{"line":12,"column":31},"end":{"line":19,"column":null}},"line":12},"1":{"name":"(anonymous_1)","decl":{"start":{"line":32,"column":2},"end":{"line":32,"column":33}},"loc":{"start":{"line":32,"column":40},"end":{"line":36,"column":null}},"line":32},"2":{"name":"(anonymous_2)","decl":{"start":{"line":41,"column":4},"end":{"line":41,"column":13}},"loc":{"start":{"line":41,"column":24},"end":{"line":49,"column":null}},"line":41},"3":{"name":"(anonymous_3)","decl":{"start":{"line":51,"column":4},"end":{"line":51,"column":14}},"loc":{"start":{"line":51,"column":20},"end":{"line":53,"column":null}},"line":51},"4":{"name":"(anonymous_4)","decl":{"start":{"line":56,"column":18},"end":{"line":56,"column":25}},"loc":{"start":{"line":56,"column":31},"end":{"line":62,"column":null}},"line":56},"5":{"name":"(anonymous_5)","decl":{"start":{"line":64,"column":20},"end":{"line":64,"column":27}},"loc":{"start":{"line":64,"column":33},"end":{"line":70,"column":null}},"line":64}},"branchMap":{"0":{"loc":{"start":{"line":13,"column":2},"end":{"line":19,"column":null}},"type":"if","locations":[{"start":{"line":13,"column":2},"end":{"line":19,"column":null}},{"start":{"line":18,"column":9},"end":{"line":19,"column":null}}],"line":13},"1":{"loc":{"start":{"line":34,"column":13},"end":{"line":34,"column":null}},"type":"binary-expr","locations":[{"start":{"line":34,"column":13},"end":{"line":34,"column":30}},{"start":{"line":34,"column":30},"end":{"line":34,"column":null}}],"line":34},"2":{"loc":{"start":{"line":42,"column":2},"end":{"line":46,"column":null}},"type":"if","locations":[{"start":{"line":42,"column":2},"end":{"line":46,"column":null}},{"start":{},"end":{}}],"line":42},"3":{"loc":{"start":{"line":44,"column":15},"end":{"line":44,"column":40}},"type":"binary-expr","locations":[{"start":{"line":44,"column":15},"end":{"line":44,"column":30}},{"start":{"line":44,"column":30},"end":{"line":44,"column":40}}],"line":44},"4":{"loc":{"start":{"line":45,"column":7},"end":{"line":45,"column":null}},"type":"binary-expr","locations":[{"start":{"line":45,"column":7},"end":{"line":45,"column":29}},{"start":{"line":45,"column":29},"end":{"line":45,"column":null}}],"line":45},"5":{"loc":{"start":{"line":60,"column":2},"end":{"line":60,"column":null}},"type":"if","locations":[{"start":{"line":60,"column":2},"end":{"line":60,"column":null}},{"start":{},"end":{}}],"line":60},"6":{"loc":{"start":{"line":68,"column":2},"end":{"line":68,"column":null}},"type":"if","locations":[{"start":{"line":68,"column":2},"end":{"line":68,"column":null}},{"start":{},"end":{}}],"line":68},"7":{"loc":{"start":{"line":73,"column":22},"end":{"line":73,"column":49}},"type":"binary-expr","locations":[{"start":{"line":73,"column":22},"end":{"line":73,"column":42}},{"start":{"line":73,"column":42},"end":{"line":73,"column":49}}],"line":73},"8":{"loc":{"start":{"line":76,"column":0},"end":{"line":79,"column":null}},"type":"if","locations":[{"start":{"line":76,"column":0},"end":{"line":79,"column":null}},{"start":{},"end":{}}],"line":76},"9":{"loc":{"start":{"line":76,"column":4},"end":{"line":76,"column":73}},"type":"binary-expr","locations":[{"start":{"line":76,"column":4},"end":{"line":76,"column":55}},{"start":{"line":76,"column":55},"end":{"line":76,"column":73}}],"line":76}},"s":{"0":0,"1":0,"2":0,"3":0,"4":0,"5":0,"6":1,"7":1,"8":1,"9":1,"10":1,"11":0,"12":0,"13":0,"14":1,"15":0,"16":1,"17":3,"18":3,"19":3,"20":0,"21":1,"22":3,"23":3,"24":3,"25":0,"26":1,"27":1,"28":0,"29":0,"30":0},"f":{"0":0,"1":1,"2":0,"3":0,"4":3,"5":3},"b":{"0":[0,0],"1":[1,0],"2":[0,0],"3":[0,0],"4":[0,0],"5":[3,0],"6":[3,0],"7":[1,1],"8":[0,1],"9":[1,1]},"meta":{"lastBranch":10,"lastFunction":6,"lastStatement":31,"seen":{"f:12:16:12:31":0,"b:13:2:19:Infinity:18:9:19:Infinity":0,"s:13:2:19:Infinity":0,"s:14:16:14:35":1,"s:15:4:15:Infinity":2,"s:16:4:16:Infinity":3,"s:17:4:17:Infinity":4,"s:19:4:19:Infinity":5,"s:23:12:23:22":6,"s:26:0:26:Infinity":7,"s:30:20:38:2":8,"f:32:2:32:33":1,"s:33:4:36:Infinity":9,"b:34:13:34:30:34:30:34:Infinity":1,"s:41:0:49:Infinity":10,"f:41:4:41:13":2,"b:42:2:46:Infinity:undefined:undefined:undefined:undefined":2,"s:42:2:46:Infinity":11,"s:43:4:46:Infinity":12,"b:44:15:44:30:44:30:44:40":3,"b:45:7:45:29:45:29:45:Infinity":4,"s:48:2:48:Infinity":13,"s:51:0:53:Infinity":14,"f:51:4:51:14":3,"s:52:2:52:Infinity":15,"s:56:0:62:Infinity":16,"f:56:18:56:25":4,"s:57:32:59:4":17,"b:60:2:60:Infinity:undefined:undefined:undefined:undefined":5,"s:60:2:60:Infinity":18,"s:60:15:60:Infinity":19,"s:61:2:61:Infinity":20,"s:64:0:70:Infinity":21,"f:64:20:64:27":5,"s:65:32:67:4":22,"b:68:2:68:Infinity:undefined:undefined:undefined:undefined":6,"s:68:2:68:Infinity":23,"s:68:15:68:Infinity":24,"s:69:2:69:Infinity":25,"s:73:13:73:49":26,"b:73:22:73:42:73:42:73:49":7,"b:76:0:79:Infinity:undefined:undefined:undefined:undefined":8,"s:76:0:79:Infinity":27,"b:76:4:76:55:76:55:76:73":9,"s:77:2:77:Infinity":28,"s:78:2:78:Infinity":29,"s:79:2:79:Infinity":30}}}
,"/app/cli/server/os.ts": {"path":"/app/cli/server/os.ts","statementMap":{},"fnMap":{},"branchMap":{},"s":{},"f":{},"b":{},"meta":{"lastBranch":0,"lastFunction":0,"lastStatement":0,"seen":{}}}
,"/app/cli/server/router.ts": {"path":"/app/cli/server/router.ts","statementMap":{"0":{"start":{"line":25,"column":22},"end":{"line":87,"column":null}}},"fnMap":{},"branchMap":{},"s":{"0":1},"f":{},"b":{},"meta":{"lastBranch":0,"lastFunction":0,"lastStatement":1,"seen":{"s:25:22:87:Infinity":0}}}
,"/app/cli/server/middleware/cors.ts": {"path":"/app/cli/server/middleware/cors.ts","statementMap":{"0":{"start":{"line":3,"column":13},"end":{"line":10,"column":2}}},"fnMap":{},"branchMap":{},"s":{"0":1},"f":{},"b":{},"meta":{"lastBranch":0,"lastFunction":0,"lastStatement":1,"seen":{"s:3:13:10:2":0}}}
,"/app/cli/server/middleware/errorHandler.ts": {"path":"/app/cli/server/middleware/errorHandler.ts","statementMap":{"0":{"start":{"line":5,"column":13},"end":{"line":27,"column":null}},"1":{"start":{"line":6,"column":2},"end":{"line":6,"column":null}},"2":{"start":{"line":8,"column":27},"end":{"line":8,"column":null}},"3":{"start":{"line":9,"column":16},"end":{"line":9,"column":null}},"4":{"start":{"line":11,"column":2},"end":{"line":18,"column":null}},"5":{"start":{"line":12,"column":4},"end":{"line":12,"column":null}},"6":{"start":{"line":13,"column":4},"end":{"line":13,"column":null}},"7":{"start":{"line":14,"column":13},"end":{"line":18,"column":null}},"8":{"start":{"line":15,"column":4},"end":{"line":15,"column":null}},"9":{"start":{"line":17,"column":4},"end":{"line":18,"column":null}},"10":{"start":{"line":18,"column":6},"end":{"line":18,"column":null}},"11":{"start":{"line":22,"column":2},"end":{"line":27,"column":null}}},"fnMap":{"0":{"name":"(anonymous_0)","decl":{"start":{"line":5,"column":13},"end":{"line":5,"column":43}},"loc":{"start":{"line":5,"column":54},"end":{"line":27,"column":null}},"line":5}},"branchMap":{"0":{"loc":{"start":{"line":11,"column":2},"end":{"line":18,"column":null}},"type":"if","locations":[{"start":{"line":11,"column":2},"end":{"line":18,"column":null}},{"start":{"line":14,"column":13},"end":{"line":18,"column":null}}],"line":11},"1":{"loc":{"start":{"line":14,"column":13},"end":{"line":18,"column":null}},"type":"if","locations":[{"start":{"line":14,"column":13},"end":{"line":18,"column":null}},{"start":{},"end":{}}],"line":14},"2":{"loc":{"start":{"line":17,"column":4},"end":{"line":18,"column":null}},"type":"if","locations":[{"start":{"line":17,"column":4},"end":{"line":18,"column":null}},{"start":{},"end":{}}],"line":17}},"s":{"0":1,"1":0,"2":0,"3":0,"4":0,"5":0,"6":0,"7":0,"8":0,"9":0,"10":0,"11":0},"f":{"0":0},"b":{"0":[0,0],"1":[0,0],"2":[0,0]},"meta":{"lastBranch":3,"lastFunction":1,"lastStatement":12,"seen":{"s:5:13:27:Infinity":0,"f:5:13:5:43":0,"s:6:2:6:Infinity":1,"s:8:27:8:Infinity":2,"s:9:16:9:Infinity":3,"b:11:2:18:Infinity:14:13:18:Infinity":0,"s:11:2:18:Infinity":4,"s:12:4:12:Infinity":5,"s:13:4:13:Infinity":6,"b:14:13:18:Infinity:undefined:undefined:undefined:undefined":1,"s:14:13:18:Infinity":7,"s:15:4:15:Infinity":8,"b:17:4:18:Infinity:undefined:undefined:undefined:undefined":2,"s:17:4:18:Infinity":9,"s:18:6:18:Infinity":10,"s:22:2:27:Infinity":11}}}
,"/app/cli/server/routes/root.ts": {"path":"/app/cli/server/routes/root.ts","statementMap":{"0":{"start":{"line":5,"column":19},"end":{"line":8,"column":null}},"1":{"start":{"line":7,"column":4},"end":{"line":7,"column":null}},"2":{"start":{"line":10,"column":20},"end":{"line":21,"column":59}},"3":{"start":{"line":18,"column":53},"end":{"line":18,"column":null}},"4":{"start":{"line":19,"column":4},"end":{"line":19,"column":null}}},"fnMap":{"0":{"name":"(anonymous_0)","decl":{"start":{"line":6,"column":11},"end":{"line":6,"column":23}},"loc":{"start":{"line":6,"column":23},"end":{"line":8,"column":null}},"line":6},"1":{"name":"(anonymous_1)","decl":{"start":{"line":17,"column":11},"end":{"line":17,"column":18}},"loc":{"start":{"line":17,"column":32},"end":{"line":20,"column":null}},"line":17}},"branchMap":{},"s":{"0":1,"1":2,"2":1,"3":1,"4":1},"f":{"0":2,"1":1},"b":{},"meta":{"lastBranch":0,"lastFunction":2,"lastStatement":5,"seen":{"s:5:19:8:Infinity":0,"f:6:11:6:23":0,"s:7:4:7:Infinity":1,"s:10:20:21:59":2,"f:17:11:17:18":1,"s:18:53:18:Infinity":3,"s:19:4:19:Infinity":4}}}
,"/app/cli/server/routes/{id}/index.ts": {"path":"/app/cli/server/routes/{id}/index.ts","statementMap":{"0":{"start":{"line":8,"column":25},"end":{"line":8,"column":89}},"1":{"start":{"line":10,"column":19},"end":{"line":23,"column":null}},"2":{"start":{"line":13,"column":19},"end":{"line":13,"column":40}},"3":{"start":{"line":14,"column":4},"end":{"line":14,"column":null}},"4":{"start":{"line":14,"column":17},"end":{"line":14,"column":null}},"5":{"start":{"line":15,"column":4},"end":{"line":21,"column":null}},"6":{"start":{"line":16,"column":6},"end":{"line":16,"column":null}},"7":{"start":{"line":18,"column":6},"end":{"line":19,"column":null}},"8":{"start":{"line":19,"column":8},"end":{"line":19,"column":null}},"9":{"start":{"line":21,"column":6},"end":{"line":21,"column":null}},"10":{"start":{"line":25,"column":21},"end":{"line":45,"column":null}},"11":{"start":{"line":33,"column":19},"end":{"line":33,"column":40}},"12":{"start":{"line":34,"column":4},"end":{"line":34,"column":null}},"13":{"start":{"line":34,"column":17},"end":{"line":34,"column":null}},"14":{"start":{"line":35,"column":28},"end":{"line":35,"column":null}},"15":{"start":{"line":36,"column":4},"end":{"line":43,"column":null}},"16":{"start":{"line":37,"column":6},"end":{"line":37,"column":null}},"17":{"start":{"line":38,"column":6},"end":{"line":38,"column":null}},"18":{"start":{"line":40,"column":6},"end":{"line":41,"column":null}},"19":{"start":{"line":41,"column":8},"end":{"line":41,"column":null}},"20":{"start":{"line":43,"column":6},"end":{"line":43,"column":null}},"21":{"start":{"line":47,"column":19},"end":{"line":54,"column":null}},"22":{"start":{"line":50,"column":19},"end":{"line":50,"column":40}},"23":{"start":{"line":51,"column":4},"end":{"line":51,"column":null}},"24":{"start":{"line":51,"column":17},"end":{"line":51,"column":null}},"25":{"start":{"line":52,"column":4},"end":{"line":52,"column":null}},"26":{"start":{"line":53,"column":4},"end":{"line":53,"column":null}}},"fnMap":{"0":{"name":"(anonymous_0)","decl":{"start":{"line":12,"column":11},"end":{"line":12,"column":18}},"loc":{"start":{"line":12,"column":32},"end":{"line":23,"column":null}},"line":12},"1":{"name":"(anonymous_1)","decl":{"start":{"line":32,"column":11},"end":{"line":32,"column":18}},"loc":{"start":{"line":32,"column":32},"end":{"line":45,"column":null}},"line":32},"2":{"name":"(anonymous_2)","decl":{"start":{"line":49,"column":11},"end":{"line":49,"column":18}},"loc":{"start":{"line":49,"column":32},"end":{"line":54,"column":null}},"line":49}},"branchMap":{"0":{"loc":{"start":{"line":14,"column":4},"end":{"line":14,"column":null}},"type":"if","locations":[{"start":{"line":14,"column":4},"end":{"line":14,"column":null}},{"start":{},"end":{}}],"line":14},"1":{"loc":{"start":{"line":18,"column":6},"end":{"line":19,"column":null}},"type":"if","locations":[{"start":{"line":18,"column":6},"end":{"line":19,"column":null}},{"start":{},"end":{}}],"line":18},"2":{"loc":{"start":{"line":18,"column":10},"end":{"line":18,"column":71}},"type":"binary-expr","locations":[{"start":{"line":18,"column":10},"end":{"line":18,"column":36}},{"start":{"line":18,"column":36},"end":{"line":18,"column":71}}],"line":18},"3":{"loc":{"start":{"line":34,"column":4},"end":{"line":34,"column":null}},"type":"if","locations":[{"start":{"line":34,"column":4},"end":{"line":34,"column":null}},{"start":{},"end":{}}],"line":34},"4":{"loc":{"start":{"line":40,"column":6},"end":{"line":41,"column":null}},"type":"if","locations":[{"start":{"line":40,"column":6},"end":{"line":41,"column":null}},{"start":{},"end":{}}],"line":40},"5":{"loc":{"start":{"line":40,"column":10},"end":{"line":40,"column":71}},"type":"binary-expr","locations":[{"start":{"line":40,"column":10},"end":{"line":40,"column":36}},{"start":{"line":40,"column":36},"end":{"line":40,"column":71}}],"line":40},"6":{"loc":{"start":{"line":51,"column":4},"end":{"line":51,"column":null}},"type":"if","locations":[{"start":{"line":51,"column":4},"end":{"line":51,"column":null}},{"start":{},"end":{}}],"line":51}},"s":{"0":1,"1":1,"2":1,"3":1,"4":0,"5":1,"6":1,"7":0,"8":0,"9":0,"10":1,"11":0,"12":0,"13":0,"14":0,"15":0,"16":0,"17":0,"18":0,"19":0,"20":0,"21":1,"22":0,"23":0,"24":0,"25":0,"26":0},"f":{"0":1,"1":0,"2":0},"b":{"0":[0,1],"1":[0,0],"2":[0,0],"3":[0,0],"4":[0,0],"5":[0,0],"6":[0,0]},"meta":{"lastBranch":7,"lastFunction":3,"lastStatement":27,"seen":{"s:8:25:8:89":0,"s:10:19:23:Infinity":1,"f:12:11:12:18":0,"s:13:19:13:40":2,"b:14:4:14:Infinity:undefined:undefined:undefined:undefined":0,"s:14:4:14:Infinity":3,"s:14:17:14:Infinity":4,"s:15:4:21:Infinity":5,"s:16:6:16:Infinity":6,"b:18:6:19:Infinity:undefined:undefined:undefined:undefined":1,"s:18:6:19:Infinity":7,"b:18:10:18:36:18:36:18:71":2,"s:19:8:19:Infinity":8,"s:21:6:21:Infinity":9,"s:25:21:45:Infinity":10,"f:32:11:32:18":1,"s:33:19:33:40":11,"b:34:4:34:Infinity:undefined:undefined:undefined:undefined":3,"s:34:4:34:Infinity":12,"s:34:17:34:Infinity":13,"s:35:28:35:Infinity":14,"s:36:4:43:Infinity":15,"s:37:6:37:Infinity":16,"s:38:6:38:Infinity":17,"b:40:6:41:Infinity:undefined:undefined:undefined:undefined":4,"s:40:6:41:Infinity":18,"b:40:10:40:36:40:36:40:71":5,"s:41:8:41:Infinity":19,"s:43:6:43:Infinity":20,"s:47:19:54:Infinity":21,"f:49:11:49:18":2,"s:50:19:50:40":22,"b:51:4:51:Infinity:undefined:undefined:undefined:undefined":6,"s:51:4:51:Infinity":23,"s:51:17:51:Infinity":24,"s:52:4:52:Infinity":25,"s:53:4:53:Infinity":26}}}
,"/app/cli/server/routes/{id}/logs.ts": {"path":"/app/cli/server/routes/{id}/logs.ts","statementMap":{"0":{"start":{"line":7,"column":19},"end":{"line":22,"column":null}},"1":{"start":{"line":10,"column":19},"end":{"line":10,"column":40}},"2":{"start":{"line":11,"column":4},"end":{"line":11,"column":null}},"3":{"start":{"line":11,"column":17},"end":{"line":11,"column":null}},"4":{"start":{"line":12,"column":18},"end":{"line":12,"column":51}},"5":{"start":{"line":13,"column":4},"end":{"line":13,"column":null}},"6":{"start":{"line":13,"column":16},"end":{"line":13,"column":null}},"7":{"start":{"line":14,"column":18},"end":{"line":14,"column":55}},"8":{"start":{"line":15,"column":19},"end":{"line":15,"column":null}},"9":{"start":{"line":16,"column":4},"end":{"line":16,"column":null}},"10":{"start":{"line":16,"column":17},"end":{"line":16,"column":null}},"11":{"start":{"line":17,"column":20},"end":{"line":17,"column":37}},"12":{"start":{"line":18,"column":4},"end":{"line":20,"column":null}},"13":{"start":{"line":19,"column":19},"end":{"line":19,"column":40}},"14":{"start":{"line":20,"column":6},"end":{"line":20,"column":null}},"15":{"start":{"line":20,"column":45},"end":{"line":20,"column":null}},"16":{"start":{"line":20,"column":55},"end":{"line":20,"column":null}}},"fnMap":{"0":{"name":"(anonymous_0)","decl":{"start":{"line":9,"column":11},"end":{"line":9,"column":28}},"loc":{"start":{"line":9,"column":39},"end":{"line":22,"column":null}},"line":9}},"branchMap":{"0":{"loc":{"start":{"line":11,"column":4},"end":{"line":11,"column":null}},"type":"if","locations":[{"start":{"line":11,"column":4},"end":{"line":11,"column":null}},{"start":{},"end":{}}],"line":11},"1":{"loc":{"start":{"line":13,"column":4},"end":{"line":13,"column":null}},"type":"if","locations":[{"start":{"line":13,"column":4},"end":{"line":13,"column":null}},{"start":{},"end":{}}],"line":13},"2":{"loc":{"start":{"line":15,"column":19},"end":{"line":15,"column":null}},"type":"binary-expr","locations":[{"start":{"line":15,"column":19},"end":{"line":15,"column":35}},{"start":{"line":15,"column":35},"end":{"line":15,"column":null}}],"line":15},"3":{"loc":{"start":{"line":16,"column":4},"end":{"line":16,"column":null}},"type":"if","locations":[{"start":{"line":16,"column":4},"end":{"line":16,"column":null}},{"start":{},"end":{}}],"line":16},"4":{"loc":{"start":{"line":20,"column":45},"end":{"line":20,"column":null}},"type":"if","locations":[{"start":{"line":20,"column":45},"end":{"line":20,"column":null}},{"start":{},"end":{}}],"line":20}},"s":{"0":1,"1":0,"2":0,"3":0,"4":0,"5":0,"6":0,"7":0,"8":0,"9":0,"10":0,"11":0,"12":0,"13":0,"14":0,"15":0,"16":0},"f":{"0":0},"b":{"0":[0,0],"1":[0,0],"2":[0,0],"3":[0,0],"4":[0,0]},"meta":{"lastBranch":5,"lastFunction":1,"lastStatement":17,"seen":{"s:7:19:22:Infinity":0,"f:9:11:9:28":0,"s:10:19:10:40":1,"b:11:4:11:Infinity:undefined:undefined:undefined:undefined":0,"s:11:4:11:Infinity":2,"s:11:17:11:Infinity":3,"s:12:18:12:51":4,"b:13:4:13:Infinity:undefined:undefined:undefined:undefined":1,"s:13:4:13:Infinity":5,"s:13:16:13:Infinity":6,"s:14:18:14:55":7,"s:15:19:15:Infinity":8,"b:15:19:15:35:15:35:15:Infinity":2,"b:16:4:16:Infinity:undefined:undefined:undefined:undefined":3,"s:16:4:16:Infinity":9,"s:16:17:16:Infinity":10,"s:17:20:17:37":11,"s:18:4:20:Infinity":12,"s:19:19:19:40":13,"s:20:6:20:Infinity":14,"b:20:45:20:Infinity:undefined:undefined:undefined:undefined":4,"s:20:45:20:Infinity":15,"s:20:55:20:Infinity":16}}}
,"/app/cli/server/routes/{id}/models.ts": {"path":"/app/cli/server/routes/{id}/models.ts","statementMap":{"0":{"start":{"line":7,"column":19},"end":{"line":26,"column":null}},"1":{"start":{"line":14,"column":19},"end":{"line":14,"column":40}},"2":{"start":{"line":15,"column":4},"end":{"line":15,"column":null}},"3":{"start":{"line":15,"column":17},"end":{"line":15,"column":null}},"4":{"start":{"line":17,"column":4},"end":{"line":24,"column":null}},"5":{"start":{"line":18,"column":21},"end":{"line":18,"column":60}},"6":{"start":{"line":19,"column":6},"end":{"line":19,"column":null}},"7":{"start":{"line":21,"column":6},"end":{"line":22,"column":null}},"8":{"start":{"line":22,"column":8},"end":{"line":22,"column":null}},"9":{"start":{"line":24,"column":6},"end":{"line":24,"column":null}}},"fnMap":{"0":{"name":"(anonymous_0)","decl":{"start":{"line":13,"column":11},"end":{"line":13,"column":18}},"loc":{"start":{"line":13,"column":32},"end":{"line":26,"column":null}},"line":13}},"branchMap":{"0":{"loc":{"start":{"line":15,"column":4},"end":{"line":15,"column":null}},"type":"if","locations":[{"start":{"line":15,"column":4},"end":{"line":15,"column":null}},{"start":{},"end":{}}],"line":15},"1":{"loc":{"start":{"line":21,"column":6},"end":{"line":22,"column":null}},"type":"if","locations":[{"start":{"line":21,"column":6},"end":{"line":22,"column":null}},{"start":{},"end":{}}],"line":21}},"s":{"0":1,"1":0,"2":0,"3":0,"4":0,"5":0,"6":0,"7":0,"8":0,"9":0},"f":{"0":0},"b":{"0":[0,0],"1":[0,0]},"meta":{"lastBranch":2,"lastFunction":1,"lastStatement":10,"seen":{"s:7:19:26:Infinity":0,"f:13:11:13:18":0,"s:14:19:14:40":1,"b:15:4:15:Infinity:undefined:undefined:undefined:undefined":0,"s:15:4:15:Infinity":2,"s:15:17:15:Infinity":3,"s:17:4:24:Infinity":4,"s:18:21:18:60":5,"s:19:6:19:Infinity":6,"b:21:6:22:Infinity:undefined:undefined:undefined:undefined":1,"s:21:6:22:Infinity":7,"s:22:8:22:Infinity":8,"s:24:6:24:Infinity":9}}}
,"/app/cli/server/routes/{id}/run.ts": {"path":"/app/cli/server/routes/{id}/run.ts","statementMap":{"0":{"start":{"line":8,"column":20},"end":{"line":56,"column":null}},"1":{"start":{"line":16,"column":54},"end":{"line":16,"column":null}},"2":{"start":{"line":17,"column":19},"end":{"line":17,"column":34}},"3":{"start":{"line":18,"column":4},"end":{"line":18,"column":null}},"4":{"start":{"line":18,"column":17},"end":{"line":18,"column":null}},"5":{"start":{"line":19,"column":4},"end":{"line":54,"column":null}},"6":{"start":{"line":20,"column":21},"end":{"line":20,"column":49}},"7":{"start":{"line":21,"column":6},"end":{"line":47,"column":null}},"8":{"start":{"line":22,"column":8},"end":{"line":47,"column":null}},"9":{"start":{"line":23,"column":34},"end":{"line":23,"column":null}},"10":{"start":{"line":24,"column":16},"end":{"line":24,"column":50}},"11":{"start":{"line":25,"column":26},"end":{"line":25,"column":null}},"12":{"start":{"line":26,"column":28},"end":{"line":26,"column":38}},"13":{"start":{"line":28,"column":10},"end":{"line":30,"column":null}},"14":{"start":{"line":29,"column":12},"end":{"line":29,"column":null}},"15":{"start":{"line":29,"column":54},"end":{"line":29,"column":null}},"16":{"start":{"line":30,"column":12},"end":{"line":30,"column":null}},"17":{"start":{"line":30,"column":37},"end":{"line":30,"column":56}},"18":{"start":{"line":33,"column":10},"end":{"line":37,"column":null}},"19":{"start":{"line":34,"column":27},"end":{"line":34,"column":50}},"20":{"start":{"line":35,"column":12},"end":{"line":36,"column":null}},"21":{"start":{"line":36,"column":14},"end":{"line":36,"column":null}},"22":{"start":{"line":37,"column":10},"end":{"line":37,"column":null}},"23":{"start":{"line":40,"column":10},"end":{"line":45,"column":null}},"24":{"start":{"line":41,"column":12},"end":{"line":41,"column":null}},"25":{"start":{"line":43,"column":27},"end":{"line":43,"column":50}},"26":{"start":{"line":44,"column":12},"end":{"line":44,"column":null}},"27":{"start":{"line":44,"column":24},"end":{"line":44,"column":null}},"28":{"start":{"line":45,"column":12},"end":{"line":45,"column":null}},"29":{"start":{"line":49,"column":6},"end":{"line":49,"column":null}},"30":{"start":{"line":51,"column":6},"end":{"line":52,"column":null}},"31":{"start":{"line":52,"column":8},"end":{"line":52,"column":null}},"32":{"start":{"line":54,"column":6},"end":{"line":54,"column":null}}},"fnMap":{"0":{"name":"(anonymous_0)","decl":{"start":{"line":15,"column":11},"end":{"line":15,"column":18}},"loc":{"start":{"line":15,"column":32},"end":{"line":56,"column":null}},"line":15},"1":{"name":"(anonymous_1)","decl":{"start":{"line":22,"column":9},"end":{"line":22,"column":21}},"loc":{"start":{"line":22,"column":21},"end":{"line":47,"column":null}},"line":22},"2":{"name":"(anonymous_2)","decl":{"start":{"line":30,"column":22},"end":{"line":30,"column":31}},"loc":{"start":{"line":30,"column":37},"end":{"line":30,"column":56}},"line":30},"3":{"name":"(anonymous_3)","decl":{"start":{"line":36,"column":41},"end":{"line":36,"column":53}},"loc":{"start":{"line":36,"column":53},"end":{"line":36,"column":56}},"line":36},"4":{"name":"(anonymous_4)","decl":{"start":{"line":44,"column":51},"end":{"line":44,"column":63}},"loc":{"start":{"line":44,"column":63},"end":{"line":44,"column":66}},"line":44}},"branchMap":{"0":{"loc":{"start":{"line":18,"column":4},"end":{"line":18,"column":null}},"type":"if","locations":[{"start":{"line":18,"column":4},"end":{"line":18,"column":null}},{"start":{},"end":{}}],"line":18},"1":{"loc":{"start":{"line":21,"column":6},"end":{"line":47,"column":null}},"type":"if","locations":[{"start":{"line":21,"column":6},"end":{"line":47,"column":null}},{"start":{},"end":{}}],"line":21},"2":{"loc":{"start":{"line":29,"column":12},"end":{"line":29,"column":null}},"type":"if","locations":[{"start":{"line":29,"column":12},"end":{"line":29,"column":null}},{"start":{},"end":{}}],"line":29},"3":{"loc":{"start":{"line":33,"column":10},"end":{"line":37,"column":null}},"type":"if","locations":[{"start":{"line":33,"column":10},"end":{"line":37,"column":null}},{"start":{},"end":{}}],"line":33},"4":{"loc":{"start":{"line":35,"column":12},"end":{"line":36,"column":null}},"type":"if","locations":[{"start":{"line":35,"column":12},"end":{"line":36,"column":null}},{"start":{},"end":{}}],"line":35},"5":{"loc":{"start":{"line":44,"column":12},"end":{"line":44,"column":null}},"type":"if","locations":[{"start":{"line":44,"column":12},"end":{"line":44,"column":null}},{"start":{},"end":{}}],"line":44},"6":{"loc":{"start":{"line":51,"column":6},"end":{"line":52,"column":null}},"type":"if","locations":[{"start":{"line":51,"column":6},"end":{"line":52,"column":null}},{"start":{},"end":{}}],"line":51},"7":{"loc":{"start":{"line":51,"column":10},"end":{"line":51,"column":71}},"type":"binary-expr","locations":[{"start":{"line":51,"column":10},"end":{"line":51,"column":36}},{"start":{"line":51,"column":36},"end":{"line":51,"column":71}}],"line":51}},"s":{"0":1,"1":0,"2":0,"3":0,"4":0,"5":0,"6":0,"7":0,"8":0,"9":0,"10":0,"11":0,"12":0,"13":0,"14":0,"15":0,"16":0,"17":0,"18":0,"19":0,"20":0,"21":0,"22":0,"23":0,"24":0,"25":0,"26":0,"27":0,"28":0,"29":0,"30":0,"31":0,"32":0},"f":{"0":0,"1":0,"2":0,"3":0,"4":0},"b":{"0":[0,0],"1":[0,0],"2":[0,0],"3":[0,0],"4":[0,0],"5":[0,0],"6":[0,0],"7":[0,0]},"meta":{"lastBranch":8,"lastFunction":5,"lastStatement":33,"seen":{"s:8:20:56:Infinity":0,"f:15:11:15:18":0,"s:16:54:16:Infinity":1,"s:17:19:17:34":2,"b:18:4:18:Infinity:undefined:undefined:undefined:undefined":0,"s:18:4:18:Infinity":3,"s:18:17:18:Infinity":4,"s:19:4:54:Infinity":5,"s:20:21:20:49":6,"b:21:6:47:Infinity:undefined:undefined:undefined:undefined":1,"s:21:6:47:Infinity":7,"s:22:8:47:Infinity":8,"f:22:9:22:21":1,"s:23:34:23:Infinity":9,"s:24:16:24:50":10,"s:25:26:25:Infinity":11,"s:26:28:26:38":12,"s:28:10:30:Infinity":13,"b:29:12:29:Infinity:undefined:undefined:undefined:undefined":2,"s:29:12:29:Infinity":14,"s:29:54:29:Infinity":15,"s:30:12:30:Infinity":16,"f:30:22:30:31":2,"s:30:37:30:56":17,"b:33:10:37:Infinity:undefined:undefined:undefined:undefined":3,"s:33:10:37:Infinity":18,"s:34:27:34:50":19,"b:35:12:36:Infinity:undefined:undefined:undefined:undefined":4,"s:35:12:36:Infinity":20,"s:36:14:36:Infinity":21,"f:36:41:36:53":3,"s:37:10:37:Infinity":22,"s:40:10:45:Infinity":23,"s:41:12:41:Infinity":24,"s:43:27:43:50":25,"b:44:12:44:Infinity:undefined:undefined:undefined:undefined":5,"s:44:12:44:Infinity":26,"s:44:24:44:Infinity":27,"f:44:51:44:63":4,"s:45:12:45:Infinity":28,"s:49:6:49:Infinity":29,"b:51:6:52:Infinity:undefined:undefined:undefined:undefined":6,"s:51:6:52:Infinity":30,"b:51:10:51:36:51:36:51:71":7,"s:52:8:52:Infinity":31,"s:54:6:54:Infinity":32}}}
,"/app/cli/server/routes/{id}/runs/index.ts": {"path":"/app/cli/server/routes/{id}/runs/index.ts","statementMap":{"0":{"start":{"line":7,"column":19},"end":{"line":20,"column":null}},"1":{"start":{"line":10,"column":19},"end":{"line":10,"column":40}},"2":{"start":{"line":11,"column":4},"end":{"line":11,"column":null}},"3":{"start":{"line":11,"column":17},"end":{"line":11,"column":null}},"4":{"start":{"line":12,"column":4},"end":{"line":18,"column":null}},"5":{"start":{"line":13,"column":6},"end":{"line":13,"column":null}},"6":{"start":{"line":15,"column":6},"end":{"line":16,"column":null}},"7":{"start":{"line":16,"column":8},"end":{"line":16,"column":null}},"8":{"start":{"line":18,"column":6},"end":{"line":18,"column":null}}},"fnMap":{"0":{"name":"(anonymous_0)","decl":{"start":{"line":9,"column":11},"end":{"line":9,"column":18}},"loc":{"start":{"line":9,"column":32},"end":{"line":20,"column":null}},"line":9}},"branchMap":{"0":{"loc":{"start":{"line":11,"column":4},"end":{"line":11,"column":null}},"type":"if","locations":[{"start":{"line":11,"column":4},"end":{"line":11,"column":null}},{"start":{},"end":{}}],"line":11},"1":{"loc":{"start":{"line":15,"column":6},"end":{"line":16,"column":null}},"type":"if","locations":[{"start":{"line":15,"column":6},"end":{"line":16,"column":null}},{"start":{},"end":{}}],"line":15},"2":{"loc":{"start":{"line":15,"column":10},"end":{"line":15,"column":71}},"type":"binary-expr","locations":[{"start":{"line":15,"column":10},"end":{"line":15,"column":36}},{"start":{"line":15,"column":36},"end":{"line":15,"column":71}}],"line":15}},"s":{"0":1,"1":0,"2":0,"3":0,"4":0,"5":0,"6":0,"7":0,"8":0},"f":{"0":0},"b":{"0":[0,0],"1":[0,0],"2":[0,0]},"meta":{"lastBranch":3,"lastFunction":1,"lastStatement":9,"seen":{"s:7:19:20:Infinity":0,"f:9:11:9:18":0,"s:10:19:10:40":1,"b:11:4:11:Infinity:undefined:undefined:undefined:undefined":0,"s:11:4:11:Infinity":2,"s:11:17:11:Infinity":3,"s:12:4:18:Infinity":4,"s:13:6:13:Infinity":5,"b:15:6:16:Infinity:undefined:undefined:undefined:undefined":1,"s:15:6:16:Infinity":6,"b:15:10:15:36:15:36:15:71":2,"s:16:8:16:Infinity":7,"s:18:6:18:Infinity":8}}}
,"/app/cli/server/routes/{id}/runs/status.ts": {"path":"/app/cli/server/routes/{id}/runs/status.ts","statementMap":{"0":{"start":{"line":7,"column":19},"end":{"line":19,"column":null}},"1":{"start":{"line":10,"column":19},"end":{"line":10,"column":40}},"2":{"start":{"line":11,"column":4},"end":{"line":11,"column":null}},"3":{"start":{"line":11,"column":17},"end":{"line":11,"column":null}},"4":{"start":{"line":12,"column":4},"end":{"line":17,"column":null}},"5":{"start":{"line":13,"column":6},"end":{"line":16,"column":null}},"6":{"start":{"line":14,"column":21},"end":{"line":14,"column":48}},"7":{"start":{"line":15,"column":8},"end":{"line":15,"column":null}},"8":{"start":{"line":17,"column":6},"end":{"line":17,"column":null}},"9":{"start":{"line":17,"column":29},"end":{"line":17,"column":48}}},"fnMap":{"0":{"name":"(anonymous_0)","decl":{"start":{"line":9,"column":11},"end":{"line":9,"column":28}},"loc":{"start":{"line":9,"column":39},"end":{"line":19,"column":null}},"line":9},"1":{"name":"(anonymous_1)","decl":{"start":{"line":17,"column":16},"end":{"line":17,"column":24}},"loc":{"start":{"line":17,"column":29},"end":{"line":17,"column":48}},"line":17}},"branchMap":{"0":{"loc":{"start":{"line":11,"column":4},"end":{"line":11,"column":null}},"type":"if","locations":[{"start":{"line":11,"column":4},"end":{"line":11,"column":null}},{"start":{},"end":{}}],"line":11}},"s":{"0":1,"1":0,"2":0,"3":0,"4":0,"5":0,"6":0,"7":0,"8":0,"9":0},"f":{"0":0,"1":0},"b":{"0":[0,0]},"meta":{"lastBranch":1,"lastFunction":2,"lastStatement":10,"seen":{"s:7:19:19:Infinity":0,"f:9:11:9:28":0,"s:10:19:10:40":1,"b:11:4:11:Infinity:undefined:undefined:undefined:undefined":0,"s:11:4:11:Infinity":2,"s:11:17:11:Infinity":3,"s:12:4:17:Infinity":4,"s:13:6:16:Infinity":5,"s:14:21:14:48":6,"s:15:8:15:Infinity":7,"s:17:6:17:Infinity":8,"f:17:16:17:24":1,"s:17:29:17:48":9}}}
,"/app/cli/server/routes/{id}/runs/{runId}/files.ts": {"path":"/app/cli/server/routes/{id}/runs/{runId}/files.ts","statementMap":{"0":{"start":{"line":7,"column":19},"end":{"line":13,"column":null}},"1":{"start":{"line":10,"column":12},"end":{"line":10,"column":58}},"2":{"start":{"line":11,"column":4},"end":{"line":11,"column":null}},"3":{"start":{"line":11,"column":16},"end":{"line":11,"column":null}},"4":{"start":{"line":12,"column":4},"end":{"line":12,"column":null}}},"fnMap":{"0":{"name":"(anonymous_0)","decl":{"start":{"line":9,"column":11},"end":{"line":9,"column":18}},"loc":{"start":{"line":9,"column":32},"end":{"line":13,"column":null}},"line":9}},"branchMap":{"0":{"loc":{"start":{"line":11,"column":4},"end":{"line":11,"column":null}},"type":"if","locations":[{"start":{"line":11,"column":4},"end":{"line":11,"column":null}},{"start":{},"end":{}}],"line":11}},"s":{"0":1,"1":0,"2":0,"3":0,"4":0},"f":{"0":0},"b":{"0":[0,0]},"meta":{"lastBranch":1,"lastFunction":1,"lastStatement":5,"seen":{"s:7:19:13:Infinity":0,"f:9:11:9:18":0,"s:10:12:10:58":1,"b:11:4:11:Infinity:undefined:undefined:undefined:undefined":0,"s:11:4:11:Infinity":2,"s:11:16:11:Infinity":3,"s:12:4:12:Infinity":4}}}
,"/app/cli/server/routes/{id}/runs/{runId}/index.ts": {"path":"/app/cli/server/routes/{id}/runs/{runId}/index.ts","statementMap":{"0":{"start":{"line":7,"column":19},"end":{"line":14,"column":null}},"1":{"start":{"line":8,"column":99},"end":{"line":8,"column":114}},"2":{"start":{"line":10,"column":12},"end":{"line":10,"column":58}},"3":{"start":{"line":11,"column":4},"end":{"line":11,"column":null}},"4":{"start":{"line":11,"column":16},"end":{"line":11,"column":null}},"5":{"start":{"line":12,"column":4},"end":{"line":12,"column":null}},"6":{"start":{"line":13,"column":4},"end":{"line":13,"column":null}}},"fnMap":{"0":{"name":"(anonymous_0)","decl":{"start":{"line":8,"column":84},"end":{"line":8,"column":94}},"loc":{"start":{"line":8,"column":99},"end":{"line":8,"column":114}},"line":8},"1":{"name":"(anonymous_1)","decl":{"start":{"line":9,"column":11},"end":{"line":9,"column":18}},"loc":{"start":{"line":9,"column":32},"end":{"line":14,"column":null}},"line":9}},"branchMap":{"0":{"loc":{"start":{"line":11,"column":4},"end":{"line":11,"column":null}},"type":"if","locations":[{"start":{"line":11,"column":4},"end":{"line":11,"column":null}},{"start":{},"end":{}}],"line":11}},"s":{"0":1,"1":1,"2":1,"3":1,"4":0,"5":1,"6":1},"f":{"0":1,"1":1},"b":{"0":[0,1]},"meta":{"lastBranch":1,"lastFunction":2,"lastStatement":7,"seen":{"s:7:19:14:Infinity":0,"f:8:84:8:94":0,"s:8:99:8:114":1,"f:9:11:9:18":1,"s:10:12:10:58":2,"b:11:4:11:Infinity:undefined:undefined:undefined:undefined":0,"s:11:4:11:Infinity":3,"s:11:16:11:Infinity":4,"s:12:4:12:Infinity":5,"s:13:4:13:Infinity":6}}}
,"/app/cli/server/routes/{id}/runs/{runId}/logs.ts": {"path":"/app/cli/server/routes/{id}/runs/{runId}/logs.ts","statementMap":{"0":{"start":{"line":7,"column":19},"end":{"line":20,"column":null}},"1":{"start":{"line":10,"column":12},"end":{"line":10,"column":58}},"2":{"start":{"line":11,"column":4},"end":{"line":11,"column":null}},"3":{"start":{"line":11,"column":16},"end":{"line":11,"column":null}},"4":{"start":{"line":12,"column":18},"end":{"line":12,"column":55}},"5":{"start":{"line":13,"column":19},"end":{"line":13,"column":null}},"6":{"start":{"line":14,"column":4},"end":{"line":14,"column":null}},"7":{"start":{"line":14,"column":17},"end":{"line":14,"column":null}},"8":{"start":{"line":15,"column":20},"end":{"line":15,"column":37}},"9":{"start":{"line":16,"column":4},"end":{"line":18,"column":null}},"10":{"start":{"line":17,"column":19},"end":{"line":17,"column":40}},"11":{"start":{"line":18,"column":6},"end":{"line":18,"column":null}},"12":{"start":{"line":18,"column":45},"end":{"line":18,"column":null}},"13":{"start":{"line":18,"column":55},"end":{"line":18,"column":null}}},"fnMap":{"0":{"name":"(anonymous_0)","decl":{"start":{"line":9,"column":11},"end":{"line":9,"column":28}},"loc":{"start":{"line":9,"column":39},"end":{"line":20,"column":null}},"line":9}},"branchMap":{"0":{"loc":{"start":{"line":11,"column":4},"end":{"line":11,"column":null}},"type":"if","locations":[{"start":{"line":11,"column":4},"end":{"line":11,"column":null}},{"start":{},"end":{}}],"line":11},"1":{"loc":{"start":{"line":13,"column":19},"end":{"line":13,"column":null}},"type":"binary-expr","locations":[{"start":{"line":13,"column":19},"end":{"line":13,"column":35}},{"start":{"line":13,"column":35},"end":{"line":13,"column":null}}],"line":13},"2":{"loc":{"start":{"line":14,"column":4},"end":{"line":14,"column":null}},"type":"if","locations":[{"start":{"line":14,"column":4},"end":{"line":14,"column":null}},{"start":{},"end":{}}],"line":14},"3":{"loc":{"start":{"line":18,"column":45},"end":{"line":18,"column":null}},"type":"if","locations":[{"start":{"line":18,"column":45},"end":{"line":18,"column":null}},{"start":{},"end":{}}],"line":18}},"s":{"0":1,"1":0,"2":0,"3":0,"4":0,"5":0,"6":0,"7":0,"8":0,"9":0,"10":0,"11":0,"12":0,"13":0},"f":{"0":0},"b":{"0":[0,0],"1":[0,0],"2":[0,0],"3":[0,0]},"meta":{"lastBranch":4,"lastFunction":1,"lastStatement":14,"seen":{"s:7:19:20:Infinity":0,"f:9:11:9:28":0,"s:10:12:10:58":1,"b:11:4:11:Infinity:undefined:undefined:undefined:undefined":0,"s:11:4:11:Infinity":2,"s:11:16:11:Infinity":3,"s:12:18:12:55":4,"s:13:19:13:Infinity":5,"b:13:19:13:35:13:35:13:Infinity":1,"b:14:4:14:Infinity:undefined:undefined:undefined:undefined":2,"s:14:4:14:Infinity":6,"s:14:17:14:Infinity":7,"s:15:20:15:37":8,"s:16:4:18:Infinity":9,"s:17:19:17:40":10,"s:18:6:18:Infinity":11,"b:18:45:18:Infinity:undefined:undefined:undefined:undefined":3,"s:18:45:18:Infinity":12,"s:18:55:18:Infinity":13}}}
,"/app/cli/server/routes/{id}/runs/{runId}/merge.ts": {"path":"/app/cli/server/routes/{id}/runs/{runId}/merge.ts","statementMap":{"0":{"start":{"line":7,"column":20},"end":{"line":14,"column":null}},"1":{"start":{"line":10,"column":12},"end":{"line":10,"column":58}},"2":{"start":{"line":11,"column":4},"end":{"line":11,"column":null}},"3":{"start":{"line":11,"column":16},"end":{"line":11,"column":null}},"4":{"start":{"line":12,"column":4},"end":{"line":12,"column":null}},"5":{"start":{"line":13,"column":4},"end":{"line":13,"column":null}}},"fnMap":{"0":{"name":"(anonymous_0)","decl":{"start":{"line":9,"column":11},"end":{"line":9,"column":18}},"loc":{"start":{"line":9,"column":32},"end":{"line":14,"column":null}},"line":9}},"branchMap":{"0":{"loc":{"start":{"line":11,"column":4},"end":{"line":11,"column":null}},"type":"if","locations":[{"start":{"line":11,"column":4},"end":{"line":11,"column":null}},{"start":{},"end":{}}],"line":11}},"s":{"0":1,"1":0,"2":0,"3":0,"4":0,"5":0},"f":{"0":0},"b":{"0":[0,0]},"meta":{"lastBranch":1,"lastFunction":1,"lastStatement":6,"seen":{"s:7:20:14:Infinity":0,"f:9:11:9:18":0,"s:10:12:10:58":1,"b:11:4:11:Infinity:undefined:undefined:undefined:undefined":0,"s:11:4:11:Infinity":2,"s:11:16:11:Infinity":3,"s:12:4:12:Infinity":4,"s:13:4:13:Infinity":5}}}
[...]
,"/app/cli/utils/loadTask.ts": {"path":"/app/cli/utils/loadTask.ts","statementMap":{"0":{"start":{"line":7,"column":2},"end":{"line":11,"column":null}},"1":{"start":{"line":8,"column":4},"end":{"line":8,"column":null}},"2":{"start":{"line":9,"column":4},"end":{"line":9,"column":null}},"3":{"start":{"line":11,"column":4},"end":{"line":11,"column":null}},"4":{"start":{"line":17,"column":7},"end":{"line":17,"column":29}},"5":{"start":{"line":18,"column":1},"end":{"line":20,"column":null}},"6":{"start":{"line":20,"column":2},"end":{"line":20,"column":null}},"7":{"start":{"line":23,"column":17},"end":{"line":23,"column":46}},"8":{"start":{"line":26,"column":15},"end":{"line":26,"column":65}},"9":{"start":{"line":28,"column":1},"end":{"line":30,"column":null}},"10":{"start":{"line":30,"column":2},"end":{"line":30,"column":null}},"11":{"start":{"line":33,"column":17},"end":{"line":33,"column":null}},"12":{"start":{"line":34,"column":14},"end":{"line":34,"column":null}},"13":{"start":{"line":36,"column":1},"end":{"line":42,"column":null}},"14":{"start":{"line":38,"column":8},"end":{"line":38,"column":40}},"15":{"start":{"line":39,"column":2},"end":{"line":39,"column":null}},"16":{"start":{"line":42,"column":2},"end":{"line":42,"column":null}},"17":{"start":{"line":49,"column":7},"end":{"line":49,"column":45}},"18":{"start":{"line":50,"column":17},"end":{"line":50,"column":null}},"19":{"start":{"line":51,"column":1},"end":{"line":51,"column":null}},"20":{"start":{"line":56,"column":1},"end":{"line":56,"column":null}}},"fnMap":{"0":{"name":"exists","decl":{"start":{"line":6,"column":15},"end":{"line":6,"column":22}},"loc":{"start":{"line":6,"column":54},"end":{"line":11,"column":null}},"line":6},"1":{"name":"loadTask","decl":{"start":{"line":15,"column":22},"end":{"line":15,"column":31}},"loc":{"start":{"line":16,"column":0},"end":{"line":42,"column":null}},"line":16},"2":{"name":"saveTask","decl":{"start":{"line":47,"column":22},"end":{"line":47,"column":31}},"loc":{"start":{"line":48,"column":0},"end":{"line":51,"column":null}},"line":48},"3":{"name":"checkTaskExists","decl":{"start":{"line":54,"column":22},"end":{"line":54,"column":38}},"loc":{"start":{"line":55,"column":0},"end":{"line":56,"column":null}},"line":55}},"branchMap":{"0":{"loc":{"start":{"line":18,"column":1},"end":{"line":20,"column":null}},"type":"if","locations":[{"start":{"line":18,"column":1},"end":{"line":20,"column":null}},{"start":{},"end":{}}],"line":18},"1":{"loc":{"start":{"line":28,"column":1},"end":{"line":30,"column":null}},"type":"if","locations":[{"start":{"line":28,"column":1},"end":{"line":30,"column":null}},{"start":{},"end":{}}],"line":28}},"s":{"0":7,"1":7,"2":4,"3":3,"4":7,"5":7,"6":3,"7":4,"8":4,"9":4,"10":0,"11":4,"12":4,"13":4,"14":4,"15":4,"16":0,"17":2,"18":2,"19":2,"20":0},"f":{"0":7,"1":7,"2":2,"3":0},"b":{"0":[3,4],"1":[0,4]},"meta":{"lastBranch":2,"lastFunction":4,"lastStatement":21,"seen":{"f:6:15:6:22":0,"s:7:2:11:Infinity":0,"s:8:4:8:Infinity":1,"s:9:4:9:Infinity":2,"s:11:4:11:Infinity":3,"f:15:22:15:31":1,"s:17:7:17:29":4,"b:18:1:20:Infinity:undefined:undefined:undefined:undefined":0,"s:18:1:20:Infinity":5,"s:20:2:20:Infinity":6,"s:23:17:23:46":7,"s:26:15:26:65":8,"b:28:1:30:Infinity:undefined:undefined:undefined:undefined":1,"s:28:1:30:Infinity":9,"s:30:2:30:Infinity":10,"s:33:17:33:Infinity":11,"s:34:14:34:Infinity":12,"s:36:1:42:Infinity":13,"s:38:8:38:40":14,"s:39:2:39:Infinity":15,"s:42:2:42:Infinity":16,"f:47:22:47:31":2,"s:49:7:49:45":17,"s:50:17:50:Infinity":18,"s:51:1:51:Infinity":19,"f:54:22:54:38":3,"s:56:1:56:Infinity":20}}}
,"/app/cli/utils/paths.ts": {"path":"/app/cli/utils/paths.ts","statementMap":{"0":{"start":{"line":3,"column":31},"end":{"line":3,"column":null}},"1":{"start":{"line":4,"column":29},"end":{"line":4,"column":null}},"2":{"start":{"line":5,"column":30},"end":{"line":5,"column":null}},"3":{"start":{"line":8,"column":13},"end":{"line":8,"column":117}},"4":{"start":{"line":8,"column":49},"end":{"line":8,"column":117}},"5":{"start":{"line":9,"column":13},"end":{"line":9,"column":120}},"6":{"start":{"line":9,"column":50},"end":{"line":9,"column":120}},"7":{"start":{"line":12,"column":29},"end":{"line":12,"column":null}},"8":{"start":{"line":13,"column":41},"end":{"line":13,"column":null}},"9":{"start":{"line":15,"column":28},"end":{"line":15,"column":null}},"10":{"start":{"line":22,"column":2},"end":{"line":22,"column":null}}},"fnMap":{"0":{"name":"(anonymous_0)","decl":{"start":{"line":8,"column":13},"end":{"line":8,"column":25}},"loc":{"start":{"line":8,"column":49},"end":{"line":8,"column":117}},"line":8},"1":{"name":"(anonymous_1)","decl":{"start":{"line":9,"column":13},"end":{"line":9,"column":26}},"loc":{"start":{"line":9,"column":50},"end":{"line":9,"column":120}},"line":9},"2":{"name":"getRunDir","decl":{"start":{"line":21,"column":16},"end":{"line":21,"column":26}},"loc":{"start":{"line":21,"column":53},"end":{"line":22,"column":null}},"line":21}},"branchMap":{"0":{"loc":{"start":{"line":8,"column":25},"end":{"line":8,"column":44}},"type":"default-arg","locations":[{"start":{"line":8,"column":31},"end":{"line":8,"column":44}}],"line":8},"1":{"loc":{"start":{"line":8,"column":49},"end":{"line":8,"column":117}},"type":"binary-expr","locations":[{"start":{"line":8,"column":49},"end":{"line":8,"column":76}},{"start":{"line":8,"column":61},"end":{"line":8,"column":117}}],"line":8},"2":{"loc":{"start":{"line":9,"column":26},"end":{"line":9,"column":45}},"type":"default-arg","locations":[{"start":{"line":9,"column":32},"end":{"line":9,"column":45}}],"line":9},"3":{"loc":{"start":{"line":9,"column":50},"end":{"line":9,"column":120}},"type":"binary-expr","locations":[{"start":{"line":9,"column":50},"end":{"line":9,"column":78}},{"start":{"line":9,"column":62},"end":{"line":9,"column":120}}],"line":9}},"s":{"0":9,"1":9,"2":9,"3":9,"4":16,"5":9,"6":23,"7":9,"8":9,"9":9,"10":12},"f":{"0":16,"1":23,"2":12},"b":{"0":[16],"1":[16,5],"2":[23],"3":[23,0]},"meta":{"lastBranch":4,"lastFunction":3,"lastStatement":11,"seen":{"s:3:31:3:Infinity":0,"s:4:29:4:Infinity":1,"s:5:30:5:Infinity":2,"s:8:13:8:117":3,"f:8:13:8:25":0,"s:8:49:8:117":4,"b:8:31:8:44":0,"b:8:49:8:76:8:61:8:117":1,"s:9:13:9:120":5,"f:9:13:9:26":1,"s:9:50:9:120":6,"b:9:32:9:45":2,"b:9:50:9:78:9:62:9:120":3,"s:12:29:12:Infinity":7,"s:13:41:13:Infinity":8,"s:15:28:15:Infinity":9,"f:21:16:21:26":2,"s:22:2:22:Infinity":10}}}
,"/app/cli/utils/system.ts": {"path":"/app/cli/utils/system.ts","statementMap":{"0":{"start":{"line":6,"column":2},"end":{"line":10,"column":null}},"1":{"start":{"line":7,"column":4},"end":{"line":7,"column":null}},"2":{"start":{"line":8,"column":4},"end":{"line":8,"column":null}},"3":{"start":{"line":10,"column":4},"end":{"line":10,"column":null}},"4":{"start":{"line":16,"column":2},"end":{"line":20,"column":null}},"5":{"start":{"line":17,"column":23},"end":{"line":17,"column":56}},"6":{"start":{"line":18,"column":4},"end":{"line":18,"column":null}},"7":{"start":{"line":20,"column":4},"end":{"line":20,"column":null}},"8":{"start":{"line":25,"column":2},"end":{"line":25,"column":null}},"9":{"start":{"line":25,"column":43},"end":{"line":25,"column":71}},"10":{"start":{"line":28,"column":37},"end":{"line":28,"column":39}},"11":{"start":{"line":29,"column":14},"end":{"line":29,"column":27}},"12":{"start":{"line":32,"column":2},"end":{"line":36,"column":null}},"13":{"start":{"line":33,"column":4},"end":{"line":36,"column":null}},"14":{"start":{"line":34,"column":23},"end":{"line":34,"column":70}},"15":{"start":{"line":35,"column":6},"end":{"line":35,"column":null}},"16":{"start":{"line":42,"column":2},"end":{"line":46,"column":null}},"17":{"start":{"line":43,"column":4},"end":{"line":46,"column":null}},"18":{"start":{"line":44,"column":24},"end":{"line":44,"column":62}},"19":{"start":{"line":45,"column":6},"end":{"line":45,"column":null}},"20":{"start":{"line":52,"column":2},"end":{"line":56,"column":null}},"21":{"start":{"line":53,"column":4},"end":{"line":56,"column":null}},"22":{"start":{"line":54,"column":24},"end":{"line":54,"column":63}},"23":{"start":{"line":55,"column":6},"end":{"line":55,"column":null}},"24":{"start":{"line":61,"column":2},"end":{"line":61,"column":null}},"25":{"start":{"line":65,"column":15},"end":{"line":65,"column":null}},"26":{"start":{"line":66,"column":2},"end":{"line":67,"column":null}},"27":{"start":{"line":67,"column":4},"end":{"line":67,"column":null}},"28":{"start":{"line":69,"column":8},"end":{"line":69,"column":45}},"29":{"start":{"line":70,"column":2},"end":{"line":72,"column":null}},"30":{"start":{"line":72,"column":4},"end":{"line":72,"column":null}},"31":{"start":{"line":75,"column":2},"end":{"line":75,"column":null}},"32":{"start":{"line":79,"column":39},"end":{"line":79,"column":41}},"33":{"start":{"line":80,"column":2},"end":{"line":83,"column":null}},"34":{"start":{"line":81,"column":16},"end":{"line":81,"column":null}},"35":{"start":{"line":82,"column":4},"end":{"line":83,"column":null}},"36":{"start":{"line":83,"column":6},"end":{"line":83,"column":null}},"37":{"start":{"line":86,"column":2},"end":{"line":86,"column":null}},"38":{"start":{"line":90,"column":18},"end":{"line":98,"column":null}},"39":{"start":{"line":91,"column":4},"end":{"line":91,"column":null}},"40":{"start":{"line":92,"column":4},"end":{"line":96,"column":null}},"41":{"start":{"line":93,"column":6},"end":{"line":93,"column":null}},"42":{"start":{"line":94,"column":6},"end":{"line":94,"column":null}},"43":{"start":{"line":96,"column":6},"end":{"line":96,"column":null}},"44":{"start":{"line":98,"column":4},"end":{"line":98,"column":null}},"45":{"start":{"line":100,"column":2},"end":{"line":100,"column":null}},"46":{"start":{"line":104,"column":2},"end":{"line":110,"column":null}},"47":{"start":{"line":105,"column":4},"end":{"line":110,"column":null}},"48":{"start":{"line":106,"column":30},"end":{"line":106,"column":55}},"49":{"start":{"line":107,"column":30},"end":{"line":107,"column":55}},"50":{"start":{"line":108,"column":6},"end":{"line":108,"column":null}},"51":{"start":{"line":110,"column":6},"end":{"line":110,"column":null}},"52":{"start":{"line":113,"column":2},"end":{"line":113,"column":null}}},"fnMap":{"0":{"name":"exists","decl":{"start":{"line":5,"column":15},"end":{"line":5,"column":22}},"loc":{"start":{"line":5,"column":54},"end":{"line":10,"column":null}},"line":5},"1":{"name":"runCmd","decl":{"start":{"line":15,"column":15},"end":{"line":15,"column":22}},"loc":{"start":{"line":15,"column":54},"end":{"line":20,"column":null}},"line":15},"2":{"name":"convertMountsToCmd","decl":{"start":{"line":24,"column":16},"end":{"line":24,"column":35}},"loc":{"start":{"line":24,"column":90},"end":{"line":25,"column":null}},"line":24},"3":{"name":"(anonymous_3)","decl":{"start":{"line":25,"column":16},"end":{"line":25,"column":21}},"loc":{"start":{"line":25,"column":43},"end":{"line":25,"column":71}},"line":25},"4":{"name":"getPackageCacheMounts","decl":{"start":{"line":27,"column":22},"end":{"line":27,"column":92}},"loc":{"start":{"line":27,"column":92},"end":{"line":61,"column":null}},"line":27},"5":{"name":"getAgentConfigMount","decl":{"start":{"line":64,"column":22},"end":{"line":64,"column":88}},"loc":{"start":{"line":64,"column":88},"end":{"line":75,"column":null}},"line":64},"6":{"name":"getEnvVars","decl":{"start":{"line":78,"column":16},"end":{"line":78,"column":27}},"loc":{"start":{"line":78,"column":67},"end":{"line":86,"column":null}},"line":78},"7":{"name":"setupSignalHandler","decl":{"start":{"line":89,"column":16},"end":{"line":89,"column":35}},"loc":{"start":{"line":89,"column":62},"end":{"line":100,"column":null}},"line":89},"8":{"name":"(anonymous_8)","decl":{"start":{"line":90,"column":18},"end":{"line":90,"column":30}},"loc":{"start":{"line":90,"column":30},"end":{"line":98,"column":null}},"line":90},"9":{"name":"getUserId","decl":{"start":{"line":103,"column":22},"end":{"line":103,"column":51}},"loc":{"start":{"line":103,"column":51},"end":{"line":113,"column":null}},"line":103}},"branchMap":{"0":{"loc":{"start":{"line":32,"column":2},"end":{"line":36,"column":null}},"type":"if","locations":[{"start":{"line":32,"column":2},"end":{"line":36,"column":null}},{"start":{},"end":{}}],"line":32},"1":{"loc":{"start":{"line":42,"column":2},"end":{"line":46,"column":null}},"type":"if","locations":[{"start":{"line":42,"column":2},"end":{"line":46,"column":null}},{"start":{},"end":{}}],"line":42},"2":{"loc":{"start":{"line":52,"column":2},"end":{"line":56,"column":null}},"type":"if","locations":[{"start":{"line":52,"column":2},"end":{"line":56,"column":null}},{"start":{},"end":{}}],"line":52},"3":{"loc":{"start":{"line":66,"column":2},"end":{"line":67,"column":null}},"type":"if","locations":[{"start":{"line":66,"column":2},"end":{"line":67,"column":null}},{"start":{},"end":{}}],"line":66},"4":{"loc":{"start":{"line":70,"column":2},"end":{"line":72,"column":null}},"type":"if","locations":[{"start":{"line":70,"column":2},"end":{"line":72,"column":null}},{"start":{},"end":{}}],"line":70},"5":{"loc":{"start":{"line":82,"column":4},"end":{"line":83,"column":null}},"type":"if","locations":[{"start":{"line":82,"column":4},"end":{"line":83,"column":null}},{"start":{},"end":{}}],"line":82},"6":{"loc":{"start":{"line":104,"column":2},"end":{"line":110,"column":null}},"type":"if","locations":[{"start":{"line":104,"column":2},"end":{"line":110,"column":null}},{"start":{},"end":{}}],"line":104}},"s":{"0":7,"1":7,"2":3,"3":4,"4":3,"5":3,"6":3,"7":0,"8":0,"9":0,"10":2,"11":2,"12":2,"13":2,"14":2,"15":2,"16":2,"17":1,"18":1,"19":1,"20":2,"21":0,"22":0,"23":0,"24":2,"25":1,"26":1,"27":0,"28":1,"29":1,"30":1,"31":1,"32":1,"33":1,"34":2,"35":2,"36":1,"37":1,"38":0,"39":0,"40":0,"41":0,"42":0,"43":0,"44":0,"45":0,"46":0,"47":0,"48":0,"49":0,"50":0,"51":0,"52":0},"f":{"0":7,"1":3,"2":0,"3":0,"4":2,"5":1,"6":1,"7":0,"8":0,"9":0},"b":{"0":[2,0],"1":[1,1],"2":[0,2],"3":[0,1],"4":[1,0],"5":[1,1],"6":[0,0]},"meta":{"lastBranch":7,"lastFunction":10,"lastStatement":53,"seen":{"f:5:15:5:22":0,"s:6:2:10:Infinity":0,"s:7:4:7:Infinity":1,"s:8:4:8:Infinity":2,"s:10:4:10:Infinity":3,"f:15:15:15:22":1,"s:16:2:20:Infinity":4,"s:17:23:17:56":5,"s:18:4:18:Infinity":6,"s:20:4:20:Infinity":7,"f:24:16:24:35":2,"s:25:2:25:Infinity":8,"f:25:16:25:21":3,"s:25:43:25:71":9,"f:27:22:27:92":4,"s:28:37:28:39":10,"s:29:14:29:27":11,"b:32:2:36:Infinity:undefined:undefined:undefined:undefined":0,"s:32:2:36:Infinity":12,"s:33:4:36:Infinity":13,"s:34:23:34:70":14,"s:35:6:35:Infinity":15,"b:42:2:46:Infinity:undefined:undefined:undefined:undefined":1,"s:42:2:46:Infinity":16,"s:43:4:46:Infinity":17,"s:44:24:44:62":18,"s:45:6:45:Infinity":19,"b:52:2:56:Infinity:undefined:undefined:undefined:undefined":2,"s:52:2:56:Infinity":20,"s:53:4:56:Infinity":21,"s:54:24:54:63":22,"s:55:6:55:Infinity":23,"s:61:2:61:Infinity":24,"f:64:22:64:88":5,"s:65:15:65:Infinity":25,"b:66:2:67:Infinity:undefined:undefined:undefined:undefined":3,"s:66:2:67:Infinity":26,"s:67:4:67:Infinity":27,"s:69:8:69:45":28,"b:70:2:72:Infinity:undefined:undefined:undefined:undefined":4,"s:70:2:72:Infinity":29,"s:72:4:72:Infinity":30,"s:75:2:75:Infinity":31,"f:78:16:78:27":6,"s:79:39:79:41":32,"s:80:2:83:Infinity":33,"s:81:16:81:Infinity":34,"b:82:4:83:Infinity:undefined:undefined:undefined:undefined":5,"s:82:4:83:Infinity":35,"s:83:6:83:Infinity":36,"s:86:2:86:Infinity":37,"f:89:16:89:35":7,"s:90:18:98:Infinity":38,"f:90:18:90:30":8,"s:91:4:91:Infinity":39,"s:92:4:96:Infinity":40,"s:93:6:93:Infinity":41,"s:94:6:94:Infinity":42,"s:96:6:96:Infinity":43,"s:98:4:98:Infinity":44,"s:100:2:100:Infinity":45,"f:103:22:103:51":9,"b:104:2:110:Infinity:undefined:undefined:undefined:undefined":6,"s:104:2:110:Infinity":46,"s:105:4:110:Infinity":47,"s:106:30:106:55":48,"s:107:30:107:55":49,"s:108:6:108:Infinity":50,"s:110:6:110:Infinity":51,"s:113:2:113:Infinity":52}}}
,"/app/cli/utils/tasks.ts": {"path":"/app/cli/utils/tasks.ts","statementMap":{"0":{"start":{"line":9,"column":13},"end":{"line":9,"column":23}},"1":{"start":{"line":11,"column":13},"end":{"line":11,"column":43}},"2":{"start":{"line":13,"column":15},"end":{"line":13,"column":null}},"3":{"start":{"line":15,"column":16},"end":{"line":15,"column":51}},"4":{"start":{"line":16,"column":1},"end":{"line":16,"column":null}},"5":{"start":{"line":20,"column":1},"end":{"line":20,"column":null}},"6":{"start":{"line":24,"column":7},"end":{"line":24,"column":29}},"7":{"start":{"line":25,"column":27},"end":{"line":25,"column":29}},"8":{"start":{"line":27,"column":1},"end":{"line":40,"column":null}},"9":{"start":{"line":28,"column":18},"end":{"line":28,"column":66}},"10":{"start":{"line":29,"column":2},"end":{"line":34,"column":null}},"11":{"start":{"line":30,"column":3},"end":{"line":34,"column":null}},"12":{"start":{"line":32,"column":15},"end":{"line":32,"column":51}},"13":{"start":{"line":33,"column":4},"end":{"line":34,"column":null}},"14":{"start":{"line":34,"column":5},"end":{"line":34,"column":null}},"15":{"start":{"line":39,"column":2},"end":{"line":40,"column":null}},"16":{"start":{"line":40,"column":3},"end":{"line":40,"column":null}},"17":{"start":{"line":44,"column":1},"end":{"line":44,"column":null}}},"fnMap":{"0":{"name":"generateTaskId","decl":{"start":{"line":7,"column":16},"end":{"line":7,"column":null}},"loc":{"start":{"line":8,"column":0},"end":{"line":16,"column":null}},"line":8},"1":{"name":"getTaskPath","decl":{"start":{"line":18,"column":16},"end":{"line":18,"column":28}},"loc":{"start":{"line":19,"column":0},"end":{"line":20,"column":null}},"line":19},"2":{"name":"scanTasks","decl":{"start":{"line":23,"column":22},"end":{"line":23,"column":53}},"loc":{"start":{"line":23,"column":53},"end":{"line":44,"column":null}},"line":23}},"branchMap":{"0":{"loc":{"start":{"line":30,"column":3},"end":{"line":34,"column":null}},"type":"if","locations":[{"start":{"line":30,"column":3},"end":{"line":34,"column":null}},{"start":{},"end":{}}],"line":30},"1":{"loc":{"start":{"line":30,"column":7},"end":{"line":30,"column":85}},"type":"binary-expr","locations":[{"start":{"line":30,"column":7},"end":{"line":30,"column":21}},{"start":{"line":30,"column":25},"end":{"line":30,"column":55}},{"start":{"line":30,"column":59},"end":{"line":30,"column":85}}],"line":30},"2":{"loc":{"start":{"line":33,"column":4},"end":{"line":34,"column":null}},"type":"if","locations":[{"start":{"line":33,"column":4},"end":{"line":34,"column":null}},{"start":{},"end":{}}],"line":33},"3":{"loc":{"start":{"line":39,"column":2},"end":{"line":40,"column":null}},"type":"if","locations":[{"start":{"line":39,"column":2},"end":{"line":40,"column":null}},{"start":{},"end":{}}],"line":39}},"s":{"0":2,"1":2,"2":2,"3":2,"4":2,"5":9,"6":2,"7":2,"8":2,"9":2,"10":2,"11":1,"12":1,"13":1,"14":1,"15":0,"16":0,"17":2},"f":{"0":2,"1":9,"2":2},"b":{"0":[1,0],"1":[1,1,1],"2":[1,0],"3":[0,0]},"meta":{"lastBranch":4,"lastFunction":3,"lastStatement":18,"seen":{"f:7:16:7:Infinity":0,"s:9:13:9:23":0,"s:11:13:11:43":1,"s:13:15:13:Infinity":2,"s:15:16:15:51":3,"s:16:1:16:Infinity":4,"f:18:16:18:28":1,"s:20:1:20:Infinity":5,"f:23:22:23:53":2,"s:24:7:24:29":6,"s:25:27:25:29":7,"s:27:1:40:Infinity":8,"s:28:18:28:66":9,"s:29:2:34:Infinity":10,"b:30:3:34:Infinity:undefined:undefined:undefined:undefined":0,"s:30:3:34:Infinity":11,"b:30:7:30:21:30:25:30:55:30:59:30:85":1,"s:32:15:32:51":12,"b:33:4:34:Infinity:undefined:undefined:undefined:undefined":2,"s:33:4:34:Infinity":13,"s:34:5:34:Infinity":14,"b:39:2:40:Infinity:undefined:undefined:undefined:undefined":3,"s:39:2:40:Infinity":15,"s:40:3:40:Infinity":16,"s:44:1:44:Infinity":17}}}
}
